[2021/12/26 23:39:07.546] - Starting server with initial configuration: {"gasLimit":6721975,"gasPrice":20000000000,"hardfork":"muirGlacier","hostname":"127.0.0.1","port":8545,"network_id":5777,"default_balance_ether":100,"total_accounts":10,"unlocked_accounts":[],"locked":false,"vmErrorsOnRPCResponse":true,"verbose":false,"db_path":"C:\\Users\\User\\AppData\\Roaming\\Ganache\\workspaces\\exuberant-tree\\chaindata","logDirectory":"C:\\MIST\\L-4 T-2\\CSE 400\\SCMBC_Trial"}
[2021/12/26 23:39:08.313] - eth_subscribe
[2021/12/26 23:39:08.314] - eth_getLogs
[2021/12/26 23:39:08.315] - eth_subscribe
[2021/12/26 23:39:08.319] - eth_getCode
[2021/12/26 23:39:08.348] - eth_subscribe
[2021/12/26 23:39:08.350] - eth_getLogs
[2021/12/26 23:39:08.350] - eth_subscribe
[2021/12/26 23:39:08.353] - eth_getCode
[2021/12/26 23:39:08.361] - eth_getCode
[2021/12/26 23:39:08.380] - eth_getCode
[2021/12/26 23:39:08.442] - eth_blockNumber
[2021/12/26 23:39:08.442] - eth_accounts
[2021/12/26 23:39:08.443] - eth_gasPrice
[2021/12/26 23:39:08.444] - eth_getBlockByNumber
[2021/12/26 23:39:08.445] - eth_blockNumber
[2021/12/26 23:39:08.445] - eth_subscribe
[2021/12/26 23:39:08.446] - eth_accounts
[2021/12/26 23:39:08.446] - eth_gasPrice
[2021/12/26 23:39:08.447] - eth_getBlockByNumber
[2021/12/26 23:39:08.448] - eth_subscribe
[2021/12/26 23:39:08.461] - eth_accounts
[2021/12/26 23:39:08.487] - eth_getBalance
[2021/12/26 23:39:08.494] - eth_getTransactionCount
[2021/12/26 23:39:08.498] - eth_getBalance
[2021/12/26 23:39:08.505] - eth_getTransactionCount
[2021/12/26 23:39:08.512] - eth_getBalance
[2021/12/26 23:39:08.520] - eth_getTransactionCount
[2021/12/26 23:39:08.527] - eth_getBalance
[2021/12/26 23:39:08.527] - eth_getTransactionCount
[2021/12/26 23:39:08.532] - eth_getBalance
[2021/12/26 23:39:08.540] - eth_getTransactionCount
[2021/12/26 23:39:08.543] - eth_getBalance
[2021/12/26 23:39:08.547] - eth_getTransactionCount
[2021/12/26 23:39:08.552] - eth_getBalance
[2021/12/26 23:39:08.556] - eth_getTransactionCount
[2021/12/26 23:39:08.562] - eth_getBalance
[2021/12/26 23:39:08.566] - eth_getTransactionCount
[2021/12/26 23:39:08.571] - eth_getBalance
[2021/12/26 23:39:08.575] - eth_getTransactionCount
[2021/12/26 23:39:08.581] - eth_getBalance
[2021/12/26 23:39:08.588] - eth_getTransactionCount
[2021/12/26 23:39:08.642] - eth_getBalance
[2021/12/26 23:39:08.649] - eth_getTransactionCount
[2021/12/26 23:39:08.655] - eth_getBalance
[2021/12/26 23:39:08.660] - eth_getTransactionCount
[2021/12/26 23:39:08.664] - eth_getBalance
[2021/12/26 23:39:08.668] - eth_getTransactionCount
[2021/12/26 23:39:08.672] - eth_getBalance
[2021/12/26 23:39:08.678] - eth_getTransactionCount
[2021/12/26 23:39:08.681] - eth_getBalance
[2021/12/26 23:39:08.686] - eth_getTransactionCount
[2021/12/26 23:39:08.696] - eth_getBalance
[2021/12/26 23:39:08.696] - eth_getTransactionCount
[2021/12/26 23:39:08.702] - eth_getBalance
[2021/12/26 23:39:08.705] - eth_getTransactionCount
[2021/12/26 23:39:08.712] - eth_getBalance
[2021/12/26 23:39:08.718] - eth_getTransactionCount
[2021/12/26 23:39:08.726] - eth_getBalance
[2021/12/26 23:39:08.733] - eth_getTransactionCount
[2021/12/26 23:39:08.737] - eth_getBalance
[2021/12/26 23:39:08.742] - eth_getTransactionCount
[2021/12/26 23:39:08.748] - eth_getBalance
[2021/12/26 23:39:08.752] - eth_getTransactionCount
[2021/12/26 23:39:08.757] - eth_getBalance
[2021/12/26 23:39:08.761] - eth_getTransactionCount
[2021/12/26 23:39:08.766] - eth_getBalance
[2021/12/26 23:39:08.773] - eth_getTransactionCount
[2021/12/26 23:39:08.778] - eth_getBalance
[2021/12/26 23:39:08.784] - eth_getTransactionCount
[2021/12/26 23:39:08.790] - eth_getBalance
[2021/12/26 23:39:08.797] - eth_getTransactionCount
[2021/12/26 23:39:08.801] - eth_getBalance
[2021/12/26 23:39:08.806] - eth_getTransactionCount
[2021/12/26 23:39:08.809] - eth_getBalance
[2021/12/26 23:39:08.813] - eth_getTransactionCount
[2021/12/26 23:39:08.818] - eth_getBalance
[2021/12/26 23:39:08.824] - eth_getTransactionCount
[2021/12/26 23:39:08.828] - eth_getBalance
[2021/12/26 23:39:08.833] - eth_getTransactionCount
[2021/12/26 23:39:08.839] - eth_getBalance
[2021/12/26 23:39:08.843] - eth_getTransactionCount
[2021/12/26 23:39:08.893] - eth_getBalance
[2021/12/26 23:39:08.899] - eth_getTransactionCount
[2021/12/26 23:39:08.903] - eth_getBalance
[2021/12/26 23:39:08.908] - eth_getTransactionCount
[2021/12/26 23:39:08.914] - eth_getBalance
[2021/12/26 23:39:08.919] - eth_getTransactionCount
[2021/12/26 23:39:08.924] - eth_getBalance
[2021/12/26 23:39:08.931] - eth_getTransactionCount
[2021/12/26 23:39:08.934] - eth_getBalance
[2021/12/26 23:39:08.939] - eth_getTransactionCount
[2021/12/26 23:39:08.945] - eth_getBalance
[2021/12/26 23:39:08.949] - eth_getTransactionCount
[2021/12/26 23:39:08.954] - eth_getBalance
[2021/12/26 23:39:08.959] - eth_getTransactionCount
[2021/12/26 23:39:08.963] - eth_getBalance
[2021/12/26 23:39:08.967] - eth_getTransactionCount
[2021/12/26 23:39:08.972] - eth_getBalance
[2021/12/26 23:39:08.978] - eth_getTransactionCount
[2021/12/26 23:39:08.981] - eth_getBalance
[2021/12/26 23:39:08.989] - eth_getTransactionCount
[2021/12/27 00:06:18.486] - eth_unsubscribe
[2021/12/27 00:06:18.495] - eth_unsubscribe
