[2021/12/27 01:23:14.550] - Starting server with initial configuration: {"gasLimit":6721975,"gasPrice":20000000000,"hardfork":"muirGlacier","hostname":"127.0.0.1","port":8545,"network_id":5777,"default_balance_ether":100,"total_accounts":10,"unlocked_accounts":[],"locked":false,"vmErrorsOnRPCResponse":true,"verbose":false,"db_path":"C:\\Users\\User\\AppData\\Roaming\\Ganache\\workspaces\\SCMBC_Trial\\chaindata","logDirectory":"C:\\MIST\\L-4 T-2\\CSE 400\\SCMBC_Trial"}
[2021/12/27 01:23:15.176] - eth_getCode
[2021/12/27 01:23:15.178] - eth_subscribe
[2021/12/27 01:23:15.180] - eth_getLogs
[2021/12/27 01:23:15.188] - eth_subscribe
[2021/12/27 01:23:15.200] - eth_getCode
[2021/12/27 01:23:15.314] - eth_getCode
[2021/12/27 01:23:15.315] - eth_subscribe
[2021/12/27 01:23:15.316] - eth_getLogs
[2021/12/27 01:23:15.319] - eth_subscribe
[2021/12/27 01:23:15.333] - eth_getCode
[2021/12/27 01:23:16.371] - eth_blockNumber
[2021/12/27 01:23:16.377] - eth_accounts
[2021/12/27 01:23:16.378] - eth_blockNumber
[2021/12/27 01:23:16.378] - eth_gasPrice
[2021/12/27 01:23:16.379] - eth_accounts
[2021/12/27 01:23:16.380] - eth_getBlockByNumber
[2021/12/27 01:23:16.381] - eth_gasPrice
[2021/12/27 01:23:16.382] - eth_subscribe
[2021/12/27 01:23:16.383] - eth_getBlockByNumber
[2021/12/27 01:23:16.384] - eth_subscribe
[2021/12/27 01:23:16.410] - eth_accounts
[2021/12/27 01:23:16.495] - eth_getBalance
[2021/12/27 01:23:16.503] - eth_getTransactionCount
[2021/12/27 01:23:16.511] - eth_getBalance
[2021/12/27 01:23:16.521] - eth_getTransactionCount
[2021/12/27 01:23:16.528] - eth_getBalance
[2021/12/27 01:23:16.536] - eth_getTransactionCount
[2021/12/27 01:23:16.543] - eth_getBalance
[2021/12/27 01:23:16.549] - eth_getTransactionCount
[2021/12/27 01:23:16.556] - eth_getBalance
[2021/12/27 01:23:16.564] - eth_getTransactionCount
[2021/12/27 01:23:16.571] - eth_getBalance
[2021/12/27 01:23:16.577] - eth_getTransactionCount
[2021/12/27 01:23:16.582] - eth_getBalance
[2021/12/27 01:23:16.590] - eth_getTransactionCount
[2021/12/27 01:23:16.596] - eth_getBalance
[2021/12/27 01:23:16.602] - eth_getTransactionCount
[2021/12/27 01:23:16.607] - eth_getBalance
[2021/12/27 01:23:16.614] - eth_getTransactionCount
[2021/12/27 01:23:16.624] - eth_getBalance
[2021/12/27 01:23:16.629] - eth_getTransactionCount
[2021/12/27 01:23:16.651] - eth_getBalance
[2021/12/27 01:23:16.665] - eth_getTransactionCount
[2021/12/27 01:23:16.679] - eth_getBalance
[2021/12/27 01:23:16.686] - eth_getTransactionCount
[2021/12/27 01:23:16.697] - eth_getBalance
[2021/12/27 01:23:16.709] - eth_getTransactionCount
[2021/12/27 01:23:16.723] - eth_getBalance
[2021/12/27 01:23:16.744] - eth_getTransactionCount
[2021/12/27 01:23:16.781] - eth_getBalance
[2021/12/27 01:23:16.795] - eth_getTransactionCount
[2021/12/27 01:23:16.807] - eth_getBalance
[2021/12/27 01:23:16.826] - eth_getTransactionCount
[2021/12/27 01:23:16.834] - eth_getBalance
[2021/12/27 01:23:16.849] - eth_getTransactionCount
[2021/12/27 01:23:16.862] - eth_getBalance
[2021/12/27 01:23:16.872] - eth_getTransactionCount
[2021/12/27 01:23:16.879] - eth_getBalance
[2021/12/27 01:23:16.885] - eth_getTransactionCount
[2021/12/27 01:23:16.894] - eth_getBalance
[2021/12/27 01:23:16.899] - eth_getTransactionCount
[2021/12/27 01:23:16.905] - eth_getBalance
[2021/12/27 01:23:16.912] - eth_getTransactionCount
[2021/12/27 01:23:16.917] - eth_getBalance
[2021/12/27 01:23:16.923] - eth_getTransactionCount
[2021/12/27 01:23:16.929] - eth_getBalance
[2021/12/27 01:23:16.935] - eth_getTransactionCount
[2021/12/27 01:23:16.946] - eth_getBalance
[2021/12/27 01:23:16.953] - eth_getTransactionCount
[2021/12/27 01:23:16.966] - eth_getBalance
[2021/12/27 01:23:16.979] - eth_getTransactionCount
[2021/12/27 01:23:16.990] - eth_getBalance
[2021/12/27 01:23:16.996] - eth_getTransactionCount
[2021/12/27 01:23:17.005] - eth_getBalance
[2021/12/27 01:23:17.010] - eth_getTransactionCount
[2021/12/27 01:23:17.015] - eth_getBalance
[2021/12/27 01:23:17.021] - eth_getTransactionCount
[2021/12/27 01:23:17.028] - eth_getBalance
[2021/12/27 01:23:17.035] - eth_getTransactionCount
[2021/12/27 01:23:17.044] - eth_getBalance
[2021/12/27 01:23:17.049] - eth_getTransactionCount
[2021/12/27 01:23:17.211] - eth_getTransactionCount
[2021/12/27 01:23:17.222] - eth_getBalance
[2021/12/27 01:23:17.228] - eth_getTransactionCount
[2021/12/27 01:23:17.233] - eth_getBalance
[2021/12/27 01:23:17.245] - eth_getTransactionCount
[2021/12/27 01:23:17.257] - eth_getBalance
[2021/12/27 01:23:17.265] - eth_getTransactionCount
[2021/12/27 01:23:17.275] - eth_getBalance
[2021/12/27 01:23:17.282] - eth_getTransactionCount
[2021/12/27 01:23:17.299] - eth_getBalance
[2021/12/27 01:23:17.312] - eth_getTransactionCount
[2021/12/27 01:23:17.332] - eth_getBalance
[2021/12/27 01:23:17.364] - eth_getTransactionCount
[2021/12/27 01:23:17.381] - eth_getBalance
[2021/12/27 01:23:17.395] - eth_getTransactionCount
[2021/12/27 01:23:17.400] - eth_getBalance
[2021/12/27 01:23:17.412] - eth_getTransactionCount
[2021/12/27 01:23:17.419] - eth_getBalance
[2021/12/27 01:23:17.429] - eth_getTransactionCount
[2021/12/27 01:23:36.263] - net_version
[2021/12/27 01:26:18.994] - eth_unsubscribe
[2021/12/27 01:26:18.995] - eth_unsubscribe
