[2022/01/26 09:46:59.416] - Starting server with initial configuration: {"gasLimit":6721975,"gasPrice":20000000000,"hardfork":"muirGlacier","hostname":"127.0.0.1","port":8545,"network_id":5777,"default_balance_ether":100,"total_accounts":10,"unlocked_accounts":[],"locked":false,"vmErrorsOnRPCResponse":true,"verbose":false,"db_path":"C:\\Users\\User\\AppData\\Roaming\\Ganache\\workspaces\\SCMBC_Trial\\chaindata","logDirectory":"C:\\MIST\\L-4 T-2\\CSE 400\\SCMBC_Trial"}
[2022/01/26 09:47:09.375] - eth_getCode
[2022/01/26 09:47:09.378] - eth_subscribe
[2022/01/26 09:47:09.379] - eth_getLogs
[2022/01/26 09:47:09.487] - eth_subscribe
[2022/01/26 09:47:09.763] - eth_getCode
[2022/01/26 09:47:11.271] - eth_getCode
[2022/01/26 09:47:12.042] - eth_subscribe
[2022/01/26 09:47:12.318] - eth_getLogs
[2022/01/26 09:47:12.320] - eth_subscribe
[2022/01/26 09:47:12.365] - eth_getBlockByNumber
[2022/01/26 09:47:12.366] - eth_subscribe
[2022/01/26 09:47:12.366] - eth_blockNumber
[2022/01/26 09:47:12.367] - eth_accounts
[2022/01/26 09:47:12.369] - eth_blockNumber
[2022/01/26 09:47:12.369] - eth_gasPrice
[2022/01/26 09:47:12.370] - eth_accounts
[2022/01/26 09:47:12.371] - eth_getBlockByNumber
[2022/01/26 09:47:12.371] - eth_gasPrice
[2022/01/26 09:47:12.372] - eth_subscribe
[2022/01/26 09:47:12.652] - eth_getCode
[2022/01/26 09:47:13.292] - eth_getBalance
[2022/01/26 09:47:13.306] - eth_getTransactionCount
[2022/01/26 09:47:13.318] - eth_getBalance
[2022/01/26 09:47:13.327] - eth_getTransactionCount
[2022/01/26 09:47:13.339] - eth_getBalance
[2022/01/26 09:47:13.347] - eth_getTransactionCount
[2022/01/26 09:47:13.355] - eth_getBalance
[2022/01/26 09:47:13.362] - eth_getTransactionCount
[2022/01/26 09:47:13.376] - eth_getBalance
[2022/01/26 09:47:13.384] - eth_getTransactionCount
[2022/01/26 09:47:13.392] - eth_getBalance
[2022/01/26 09:47:13.401] - eth_getTransactionCount
[2022/01/26 09:47:13.411] - eth_getBalance
[2022/01/26 09:47:13.418] - eth_getTransactionCount
[2022/01/26 09:47:13.427] - eth_getBalance
[2022/01/26 09:47:13.435] - eth_getTransactionCount
[2022/01/26 09:47:13.445] - eth_getBalance
[2022/01/26 09:47:13.453] - eth_getTransactionCount
[2022/01/26 09:47:13.461] - eth_getBalance
[2022/01/26 09:47:13.470] - eth_getTransactionCount
[2022/01/26 09:47:13.478] - eth_getBalance
[2022/01/26 09:47:13.488] - eth_getTransactionCount
[2022/01/26 09:47:13.496] - eth_getBalance
[2022/01/26 09:47:13.505] - eth_getTransactionCount
[2022/01/26 09:47:13.512] - eth_getBalance
[2022/01/26 09:47:13.524] - eth_getTransactionCount
[2022/01/26 09:47:13.533] - eth_getBalance
[2022/01/26 09:47:13.540] - eth_getTransactionCount
[2022/01/26 09:47:13.548] - eth_getBalance
[2022/01/26 09:47:13.558] - eth_getTransactionCount
[2022/01/26 09:47:13.567] - eth_getBalance
[2022/01/26 09:47:13.574] - eth_getTransactionCount
[2022/01/26 09:47:13.582] - eth_getBalance
[2022/01/26 09:47:13.590] - eth_getTransactionCount
[2022/01/26 09:47:13.599] - eth_getBalance
[2022/01/26 09:47:13.608] - eth_getTransactionCount
[2022/01/26 09:47:13.616] - eth_getBalance
[2022/01/26 09:47:13.625] - eth_getTransactionCount
[2022/01/26 09:47:13.635] - eth_getBalance
[2022/01/26 09:47:13.644] - eth_getTransactionCount
[2022/01/26 09:47:13.652] - eth_getBalance
[2022/01/26 09:47:13.661] - eth_getTransactionCount
[2022/01/26 09:47:13.671] - eth_getBalance
[2022/01/26 09:47:13.678] - eth_getTransactionCount
[2022/01/26 09:47:13.686] - eth_getBalance
[2022/01/26 09:47:13.695] - eth_getTransactionCount
[2022/01/26 09:47:13.707] - eth_getBalance
[2022/01/26 09:47:13.716] - eth_getTransactionCount
[2022/01/26 09:47:13.725] - eth_getBalance
[2022/01/26 09:47:13.737] - eth_getTransactionCount
[2022/01/26 09:47:13.745] - eth_getBalance
[2022/01/26 09:47:13.756] - eth_getTransactionCount
[2022/01/26 09:47:13.769] - eth_getBalance
[2022/01/26 09:47:13.777] - eth_getTransactionCount
[2022/01/26 09:47:13.788] - eth_getBalance
[2022/01/26 09:47:13.799] - eth_getTransactionCount
[2022/01/26 09:47:13.810] - eth_getBalance
[2022/01/26 09:47:13.820] - eth_getTransactionCount
[2022/01/26 09:47:13.831] - eth_getBalance
[2022/01/26 09:47:13.844] - eth_getTransactionCount
[2022/01/26 09:47:14.056] - eth_getBalance
[2022/01/26 09:47:14.071] - eth_getTransactionCount
[2022/01/26 09:47:14.083] - eth_getBalance
[2022/01/26 09:47:14.097] - eth_getTransactionCount
[2022/01/26 09:47:14.118] - eth_getBalance
[2022/01/26 09:47:14.129] - eth_getTransactionCount
[2022/01/26 09:47:14.152] - eth_getBalance
[2022/01/26 09:47:14.166] - eth_getTransactionCount
[2022/01/26 09:47:14.178] - eth_getBalance
[2022/01/26 09:47:14.201] - eth_getTransactionCount
[2022/01/26 09:47:14.359] - eth_getBalance
[2022/01/26 09:47:14.360] - eth_getTransactionCount
[2022/01/26 09:47:14.363] - eth_getBalance
[2022/01/26 09:47:14.364] - eth_getTransactionCount
[2022/01/26 09:47:14.367] - eth_getBalance
[2022/01/26 09:47:14.367] - eth_getTransactionCount
[2022/01/26 09:47:14.368] - eth_getBalance
[2022/01/26 09:47:14.370] - eth_getTransactionCount
[2022/01/26 09:47:14.372] - eth_getBalance
[2022/01/26 09:47:14.375] - eth_getTransactionCount
[2022/01/26 09:47:51.669] - eth_blockNumber
[2022/01/26 11:32:38.118] - eth_unsubscribe
[2022/01/26 11:32:47.099] - eth_unsubscribe
