[2021/12/27 00:06:21.734] - Starting server with initial configuration: {"gasLimit":6721975,"gasPrice":20000000000,"hardfork":"muirGlacier","hostname":"127.0.0.1","port":8545,"network_id":5777,"default_balance_ether":100,"total_accounts":10,"unlocked_accounts":[],"locked":false,"vmErrorsOnRPCResponse":true,"verbose":false,"db_path":"C:\\Users\\User\\AppData\\Roaming\\Ganache\\workspaces\\exuberant-tree\\chaindata","logDirectory":"C:\\MIST\\L-4 T-2\\CSE 400\\SCMBC_Trial"}
[2021/12/27 00:06:21.965] - eth_getCode
[2021/12/27 00:06:21.966] - eth_subscribe
[2021/12/27 00:06:21.967] - eth_getLogs
[2021/12/27 00:06:21.970] - eth_subscribe
[2021/12/27 00:06:21.984] - eth_getCode
[2021/12/27 00:06:22.009] - eth_getCode
[2021/12/27 00:06:22.015] - eth_subscribe
[2021/12/27 00:06:22.016] - eth_getLogs
[2021/12/27 00:06:22.017] - eth_subscribe
[2021/12/27 00:06:22.019] - eth_getCode
[2021/12/27 00:06:22.078] - eth_blockNumber
[2021/12/27 00:06:22.079] - eth_accounts
[2021/12/27 00:06:22.080] - eth_gasPrice
[2021/12/27 00:06:22.081] - eth_getBlockByNumber
[2021/12/27 00:06:22.082] - eth_subscribe
[2021/12/27 00:06:22.098] - eth_accounts
[2021/12/27 00:06:22.129] - eth_getBalance
[2021/12/27 00:06:22.134] - eth_getTransactionCount
[2021/12/27 00:06:22.138] - eth_getBalance
[2021/12/27 00:06:22.143] - eth_getTransactionCount
[2021/12/27 00:06:22.147] - eth_getBalance
[2021/12/27 00:06:22.152] - eth_getTransactionCount
[2021/12/27 00:06:22.158] - eth_getBalance
[2021/12/27 00:06:22.166] - eth_getTransactionCount
[2021/12/27 00:06:22.169] - eth_getBalance
[2021/12/27 00:06:22.175] - eth_getTransactionCount
[2021/12/27 00:06:22.181] - eth_getBalance
[2021/12/27 00:06:22.186] - eth_getTransactionCount
[2021/12/27 00:06:22.190] - eth_getBalance
[2021/12/27 00:06:22.194] - eth_getTransactionCount
[2021/12/27 00:06:22.199] - eth_getBalance
[2021/12/27 00:06:22.204] - eth_getTransactionCount
[2021/12/27 00:06:22.208] - eth_getBalance
[2021/12/27 00:06:22.212] - eth_getTransactionCount
[2021/12/27 00:06:22.216] - eth_getBalance
[2021/12/27 00:06:22.221] - eth_getTransactionCount
[2021/12/27 00:06:22.229] - eth_blockNumber
[2021/12/27 00:06:22.230] - eth_accounts
[2021/12/27 00:06:22.231] - eth_gasPrice
[2021/12/27 00:06:22.237] - eth_getBlockByNumber
[2021/12/27 00:06:22.238] - eth_subscribe
[2021/12/27 00:06:22.291] - eth_getTransactionCount
[2021/12/27 00:06:22.296] - eth_getBalance
[2021/12/27 00:06:22.300] - eth_getTransactionCount
[2021/12/27 00:06:22.307] - eth_getBalance
[2021/12/27 00:06:22.312] - eth_getTransactionCount
[2021/12/27 00:06:22.317] - eth_getBalance
[2021/12/27 00:06:22.322] - eth_getTransactionCount
[2021/12/27 00:06:22.327] - eth_getBalance
[2021/12/27 00:06:22.334] - eth_getTransactionCount
[2021/12/27 00:06:22.339] - eth_getBalance
[2021/12/27 00:06:22.344] - eth_getTransactionCount
[2021/12/27 00:06:22.349] - eth_getBalance
[2021/12/27 00:06:22.353] - eth_getTransactionCount
[2021/12/27 00:06:22.357] - eth_getBalance
[2021/12/27 00:06:22.361] - eth_getTransactionCount
[2021/12/27 00:06:22.366] - eth_getBalance
[2021/12/27 00:06:22.371] - eth_getTransactionCount
[2021/12/27 00:06:22.376] - eth_getBalance
[2021/12/27 00:06:22.382] - eth_getTransactionCount
[2021/12/27 00:06:22.656] - eth_getBalance
[2021/12/27 00:06:22.663] - eth_getTransactionCount
[2021/12/27 00:06:22.664] - eth_getBalance
[2021/12/27 00:06:22.671] - eth_getTransactionCount
[2021/12/27 00:06:22.677] - eth_getBalance
[2021/12/27 00:06:22.683] - eth_getTransactionCount
[2021/12/27 00:06:22.689] - eth_getBalance
[2021/12/27 00:06:22.695] - eth_getTransactionCount
[2021/12/27 00:06:22.702] - eth_getBalance
[2021/12/27 00:06:22.709] - eth_getTransactionCount
[2021/12/27 00:06:22.713] - eth_getBalance
[2021/12/27 00:06:22.717] - eth_getTransactionCount
[2021/12/27 00:06:22.721] - eth_getBalance
[2021/12/27 00:06:22.727] - eth_getTransactionCount
[2021/12/27 00:06:22.731] - eth_getBalance
[2021/12/27 00:06:22.735] - eth_getTransactionCount
[2021/12/27 00:06:22.739] - eth_getBalance
[2021/12/27 00:06:22.743] - eth_getTransactionCount
[2021/12/27 00:06:22.749] - eth_getBalance
[2021/12/27 00:06:22.752] - eth_getTransactionCount
[2021/12/27 00:06:22.758] - eth_getBalance
[2021/12/27 00:06:22.760] - eth_getTransactionCount
[2021/12/27 00:06:22.766] - eth_getBalance
[2021/12/27 00:06:22.775] - eth_getTransactionCount
[2021/12/27 00:06:22.775] - eth_getBalance
[2021/12/27 00:06:22.779] - eth_getTransactionCount
[2021/12/27 00:06:22.783] - eth_getBalance
[2021/12/27 00:06:22.787] - eth_getTransactionCount
[2021/12/27 00:06:22.792] - eth_getBalance
[2021/12/27 00:06:22.795] - eth_getTransactionCount
[2021/12/27 00:06:22.800] - eth_getBalance
[2021/12/27 00:06:22.804] - eth_getTransactionCount
[2021/12/27 00:06:22.810] - eth_getBalance
[2021/12/27 00:06:22.813] - eth_getTransactionCount
[2021/12/27 00:06:22.818] - eth_getBalance
[2021/12/27 00:06:22.822] - eth_getTransactionCount
[2021/12/27 00:06:22.826] - eth_getBalance
[2021/12/27 00:06:22.831] - eth_getTransactionCount
[2021/12/27 00:06:22.836] - eth_getBalance
[2021/12/27 00:06:22.840] - eth_getTransactionCount
[2021/12/27 00:12:33.112] - eth_blockNumber
[2021/12/27 00:12:33.256] - eth_getBlockByNumber
[2021/12/27 00:13:16.976] - eth_unsubscribe
[2021/12/27 00:13:16.979] - eth_unsubscribe
