[2022/03/26 15:26:47.053] - Starting server with initial configuration: {"gasLimit":6721975,"gasPrice":20000000000,"hardfork":"muirGlacier","hostname":"127.0.0.1","port":7545,"network_id":5777,"default_balance_ether":100,"total_accounts":10,"unlocked_accounts":[],"locked":false,"vmErrorsOnRPCResponse":true,"verbose":false,"db_path":"C:\\Users\\User\\AppData\\Roaming\\Ganache\\workspaces\\volatile-route\\chaindata","logDirectory":"C:\\MIST\\L-4 T-2\\CSE 400\\PSCMBC_Final\\PSCMBC\\logs"}
[2022/03/26 15:26:48.422] - eth_subscribe
[2022/03/26 15:26:48.425] - eth_getLogs
[2022/03/26 15:26:48.426] - eth_subscribe
[2022/03/26 15:26:48.442] - eth_subscribe
[2022/03/26 15:26:48.442] - eth_getLogs
[2022/03/26 15:26:48.443] - eth_subscribe
[2022/03/26 15:26:48.486] - eth_blockNumber
[2022/03/26 15:26:48.487] - eth_accounts
[2022/03/26 15:26:48.488] - eth_gasPrice
[2022/03/26 15:26:48.488] - eth_blockNumber
[2022/03/26 15:26:48.489] - eth_getBlockByNumber
[2022/03/26 15:26:48.489] - eth_accounts
[2022/03/26 15:26:48.490] - eth_subscribe
[2022/03/26 15:26:48.490] - eth_gasPrice
[2022/03/26 15:26:48.491] - eth_getBlockByNumber
[2022/03/26 15:26:48.492] - eth_subscribe
[2022/03/26 15:26:48.494] - eth_accounts
[2022/03/26 15:26:48.505] - eth_getBalance
[2022/03/26 15:26:48.509] - eth_getTransactionCount
[2022/03/26 15:26:48.510] - eth_getBalance
[2022/03/26 15:26:48.513] - eth_getTransactionCount
[2022/03/26 15:26:48.515] - eth_getBalance
[2022/03/26 15:26:48.518] - eth_getTransactionCount
[2022/03/26 15:26:48.521] - eth_getBalance
[2022/03/26 15:26:48.526] - eth_getTransactionCount
[2022/03/26 15:26:48.528] - eth_getBalance
[2022/03/26 15:26:48.530] - eth_getTransactionCount
[2022/03/26 15:26:48.533] - eth_getBalance
[2022/03/26 15:26:48.537] - eth_getTransactionCount
[2022/03/26 15:26:48.539] - eth_getBalance
[2022/03/26 15:26:48.541] - eth_getTransactionCount
[2022/03/26 15:26:48.545] - eth_getBalance
[2022/03/26 15:26:48.548] - eth_getTransactionCount
[2022/03/26 15:26:48.551] - eth_getBalance
[2022/03/26 15:26:48.553] - eth_getTransactionCount
[2022/03/26 15:26:48.556] - eth_getBalance
[2022/03/26 15:26:48.558] - eth_getTransactionCount
[2022/03/26 15:26:48.576] - eth_getBalance
[2022/03/26 15:26:48.579] - eth_getTransactionCount
[2022/03/26 15:26:48.582] - eth_getBalance
[2022/03/26 15:26:48.586] - eth_getTransactionCount
[2022/03/26 15:26:48.587] - eth_getBalance
[2022/03/26 15:26:48.589] - eth_getTransactionCount
[2022/03/26 15:26:48.591] - eth_getBalance
[2022/03/26 15:26:48.593] - eth_getTransactionCount
[2022/03/26 15:26:48.595] - eth_getBalance
[2022/03/26 15:26:48.597] - eth_getTransactionCount
[2022/03/26 15:26:48.601] - eth_getBalance
[2022/03/26 15:26:48.602] - eth_getTransactionCount
[2022/03/26 15:26:48.604] - eth_getBalance
[2022/03/26 15:26:48.605] - eth_getTransactionCount
[2022/03/26 15:26:48.608] - eth_getBalance
[2022/03/26 15:26:48.612] - eth_getTransactionCount
[2022/03/26 15:26:48.613] - eth_getBalance
[2022/03/26 15:26:48.623] - eth_getTransactionCount
[2022/03/26 15:26:48.624] - eth_getBalance
[2022/03/26 15:26:48.624] - eth_getTransactionCount
[2022/03/26 15:26:48.624] - eth_getBalance
[2022/03/26 15:26:48.626] - eth_getTransactionCount
[2022/03/26 15:26:48.628] - eth_getBalance
[2022/03/26 15:26:48.630] - eth_getTransactionCount
[2022/03/26 15:26:48.632] - eth_getBalance
[2022/03/26 15:26:48.635] - eth_getTransactionCount
[2022/03/26 15:26:48.640] - eth_getBalance
[2022/03/26 15:26:48.640] - eth_getTransactionCount
[2022/03/26 15:26:48.643] - eth_getBalance
[2022/03/26 15:26:48.644] - eth_getTransactionCount
[2022/03/26 15:26:48.647] - eth_getBalance
[2022/03/26 15:26:48.648] - eth_getTransactionCount
[2022/03/26 15:26:48.650] - eth_getBalance
[2022/03/26 15:26:48.653] - eth_getTransactionCount
[2022/03/26 15:26:48.655] - eth_getBalance
[2022/03/26 15:26:48.657] - eth_getTransactionCount
[2022/03/26 15:26:48.661] - eth_getBalance
[2022/03/26 15:26:48.663] - eth_getTransactionCount
[2022/03/26 15:26:48.663] - eth_getBalance
[2022/03/26 15:26:48.665] - eth_getTransactionCount
[2022/03/26 15:26:48.698] - eth_getBalance
[2022/03/26 15:26:48.699] - eth_getTransactionCount
[2022/03/26 15:26:48.702] - eth_getBalance
[2022/03/26 15:26:48.704] - eth_getTransactionCount
[2022/03/26 15:26:48.707] - eth_getBalance
[2022/03/26 15:26:48.708] - eth_getTransactionCount
[2022/03/26 15:26:48.711] - eth_getBalance
[2022/03/26 15:26:48.712] - eth_getTransactionCount
[2022/03/26 15:26:48.714] - eth_getBalance
[2022/03/26 15:26:48.716] - eth_getTransactionCount
[2022/03/26 15:26:48.718] - eth_getBalance
[2022/03/26 15:26:48.722] - eth_getTransactionCount
[2022/03/26 15:26:48.725] - eth_getBalance
[2022/03/26 15:26:48.727] - eth_getTransactionCount
[2022/03/26 15:26:48.729] - eth_getBalance
[2022/03/26 15:26:48.730] - eth_getTransactionCount
[2022/03/26 15:26:48.733] - eth_getBalance
[2022/03/26 15:26:48.735] - eth_getTransactionCount
[2022/03/26 15:26:48.738] - eth_getBalance
[2022/03/26 15:26:48.739] - eth_getTransactionCount
[2022/03/26 15:39:10.067] - net_listening
[2022/03/26 15:39:10.111] - eth_getBlockByNumber
[2022/03/26 15:39:10.139] - net_version
[2022/03/26 15:39:10.221] - net_version
[2022/03/26 15:39:10.225] - eth_accounts
[2022/03/26 15:39:10.250] - eth_getBalance
[2022/03/26 15:39:10.255] - eth_getBalance
[2022/03/26 15:39:10.257] - eth_getBalance
[2022/03/26 15:39:10.259] - eth_getBalance
[2022/03/26 15:39:10.262] - eth_getBalance
[2022/03/26 15:39:10.263] - eth_getBalance
[2022/03/26 15:39:10.269] - eth_getBalance
[2022/03/26 15:39:10.270] - eth_getBalance
[2022/03/26 15:39:10.271] - eth_getBalance
[2022/03/26 15:39:10.273] - eth_getBalance
[2022/03/26 15:39:11.226] - net_version
[2022/03/26 15:39:11.634] - eth_accounts
[2022/03/26 15:39:11.652] - eth_getBalance
[2022/03/26 15:39:11.655] - eth_getBalance
[2022/03/26 15:39:11.656] - eth_getBalance
[2022/03/26 15:39:11.658] - eth_getBalance
[2022/03/26 15:39:11.660] - eth_getBalance
[2022/03/26 15:39:11.662] - eth_getBalance
[2022/03/26 15:39:11.664] - eth_getBalance
[2022/03/26 15:39:11.665] - eth_getBalance
[2022/03/26 15:39:11.667] - eth_getBalance
[2022/03/26 15:39:11.668] - eth_getBalance
[2022/03/26 15:39:12.230] - net_version
[2022/03/26 15:39:12.234] - eth_accounts
[2022/03/26 15:39:12.246] - eth_getBalance
[2022/03/26 15:39:12.250] - eth_getBalance
[2022/03/26 15:39:12.250] - eth_getBalance
[2022/03/26 15:39:12.252] - eth_getBalance
[2022/03/26 15:39:12.254] - eth_getBalance
[2022/03/26 15:39:12.256] - eth_getBalance
[2022/03/26 15:39:12.260] - eth_getBalance
[2022/03/26 15:39:12.260] - eth_getBalance
[2022/03/26 15:39:12.261] - eth_getBalance
[2022/03/26 15:39:12.263] - eth_getBalance
[2022/03/26 15:39:13.238] - net_version
[2022/03/26 15:39:13.242] - eth_accounts
[2022/03/26 15:39:13.252] - eth_getBalance
[2022/03/26 15:39:13.256] - eth_getBalance
[2022/03/26 15:39:13.267] - eth_getBalance
[2022/03/26 15:39:13.273] - eth_getBalance
[2022/03/26 15:39:13.274] - eth_getBalance
[2022/03/26 15:39:13.275] - eth_getBalance
[2022/03/26 15:39:13.277] - eth_getBalance
[2022/03/26 15:39:13.279] - eth_getBalance
[2022/03/26 15:39:13.280] - eth_getBalance
[2022/03/26 15:39:13.281] - eth_getBalance
[2022/03/26 15:39:13.322] - eth_getBlockByNumber
[2022/03/26 15:39:13.373] - net_version
[2022/03/26 15:39:14.777] - net_version
[2022/03/26 15:39:14.778] - eth_accounts
[2022/03/26 15:39:14.798] - eth_getBalance
[2022/03/26 15:39:14.799] - eth_getBalance
[2022/03/26 15:39:14.807] - eth_getBalance
[2022/03/26 15:39:14.810] - eth_getBalance
[2022/03/26 15:39:14.812] - eth_getBalance
[2022/03/26 15:39:14.820] - eth_getBalance
[2022/03/26 15:39:14.822] - eth_getBalance
[2022/03/26 15:39:14.823] - eth_getBalance
[2022/03/26 15:39:14.824] - eth_getBalance
[2022/03/26 15:39:14.825] - eth_getBalance
[2022/03/26 15:39:15.255] - net_version
[2022/03/26 15:39:15.258] - eth_accounts
[2022/03/26 15:39:15.286] - eth_getBalance
[2022/03/26 15:39:15.292] - eth_getBalance
[2022/03/26 15:39:15.294] - eth_getBalance
[2022/03/26 15:39:15.301] - eth_getBalance
[2022/03/26 15:39:15.308] - eth_getBalance
[2022/03/26 15:39:15.310] - eth_getBalance
[2022/03/26 15:39:15.313] - eth_getBalance
[2022/03/26 15:39:15.315] - eth_getBalance
[2022/03/26 15:39:15.317] - eth_getBalance
[2022/03/26 15:39:15.320] - eth_getBalance
[2022/03/26 15:39:16.240] - net_version
[2022/03/26 15:39:16.254] - eth_accounts
[2022/03/26 15:39:16.271] - eth_getBalance
[2022/03/26 15:39:16.274] - eth_getBalance
[2022/03/26 15:39:16.275] - eth_getBalance
[2022/03/26 15:39:16.277] - eth_getBalance
[2022/03/26 15:39:16.279] - eth_getBalance
[2022/03/26 15:39:16.282] - eth_getBalance
[2022/03/26 15:39:16.286] - eth_getBalance
[2022/03/26 15:39:16.287] - eth_getBalance
[2022/03/26 15:39:16.289] - eth_getBalance
[2022/03/26 15:39:16.290] - eth_getBalance
[2022/03/26 15:39:17.252] - net_version
[2022/03/26 15:39:17.268] - eth_accounts
[2022/03/26 15:39:17.285] - eth_getBalance
[2022/03/26 15:39:17.286] - eth_getBalance
[2022/03/26 15:39:17.289] - eth_getBalance
[2022/03/26 15:39:17.290] - eth_getBalance
[2022/03/26 15:39:17.292] - eth_getBalance
[2022/03/26 15:39:17.292] - eth_getBalance
[2022/03/26 15:39:17.295] - eth_getBalance
[2022/03/26 15:39:17.297] - eth_getBalance
[2022/03/26 15:39:17.298] - eth_getBalance
[2022/03/26 15:39:17.301] - eth_getBalance
[2022/03/26 15:39:18.264] - net_version
[2022/03/26 15:39:18.431] - eth_accounts
[2022/03/26 15:39:18.452] - eth_getBalance
[2022/03/26 15:39:18.455] - eth_getBalance
[2022/03/26 15:39:18.456] - eth_getBalance
[2022/03/26 15:39:18.458] - eth_getBalance
[2022/03/26 15:39:18.459] - eth_getBalance
[2022/03/26 15:39:18.461] - eth_getBalance
[2022/03/26 15:39:18.463] - eth_getBalance
[2022/03/26 15:39:18.465] - eth_getBalance
[2022/03/26 15:39:18.466] - eth_getBalance
[2022/03/26 15:39:18.467] - eth_getBalance
[2022/03/26 15:39:19.264] - net_version
[2022/03/26 15:39:19.283] - eth_accounts
[2022/03/26 15:39:19.298] - eth_getBalance
[2022/03/26 15:39:19.301] - eth_getBalance
[2022/03/26 15:39:19.304] - eth_getBalance
[2022/03/26 15:39:19.309] - eth_getBalance
[2022/03/26 15:39:19.314] - eth_getBalance
[2022/03/26 15:39:19.315] - eth_getBalance
[2022/03/26 15:39:19.316] - eth_getBalance
[2022/03/26 15:39:19.318] - eth_getBalance
[2022/03/26 15:39:19.320] - eth_getBalance
[2022/03/26 15:39:19.322] - eth_getBalance
[2022/03/26 15:39:20.268] - net_version
[2022/03/26 15:39:20.292] - eth_accounts
[2022/03/26 15:39:20.307] - eth_getBalance
[2022/03/26 15:39:20.310] - eth_getBalance
[2022/03/26 15:39:20.311] - eth_getBalance
[2022/03/26 15:39:20.314] - eth_getBalance
[2022/03/26 15:39:20.319] - eth_getBalance
[2022/03/26 15:39:20.320] - eth_getBalance
[2022/03/26 15:39:20.323] - eth_getBalance
[2022/03/26 15:39:20.325] - eth_getBalance
[2022/03/26 15:39:20.327] - eth_getBalance
[2022/03/26 15:39:20.328] - eth_getBalance
[2022/03/26 15:39:21.268] - net_version
[2022/03/26 15:39:21.305] - eth_accounts
[2022/03/26 15:39:21.315] - eth_getBalance
[2022/03/26 15:39:21.316] - eth_getBalance
[2022/03/26 15:39:21.320] - eth_getBalance
[2022/03/26 15:39:21.322] - eth_getBalance
[2022/03/26 15:39:21.324] - eth_getBalance
[2022/03/26 15:39:21.325] - eth_getBalance
[2022/03/26 15:39:21.327] - eth_getBalance
[2022/03/26 15:39:21.328] - eth_getBalance
[2022/03/26 15:39:21.328] - eth_getBalance
[2022/03/26 15:39:21.330] - eth_getBalance
[2022/03/26 15:39:22.269] - net_version
[2022/03/26 15:39:22.296] - eth_accounts
[2022/03/26 15:39:22.310] - eth_getBalance
[2022/03/26 15:39:22.311] - eth_getBalance
[2022/03/26 15:39:22.316] - eth_getBalance
[2022/03/26 15:39:22.317] - eth_getBalance
[2022/03/26 15:39:22.322] - eth_getBalance
[2022/03/26 15:39:22.323] - eth_getBalance
[2022/03/26 15:39:22.325] - eth_getBalance
[2022/03/26 15:39:22.327] - eth_getBalance
[2022/03/26 15:39:22.329] - eth_getBalance
[2022/03/26 15:39:22.329] - eth_getBalance
[2022/03/26 15:39:23.280] - net_version
[2022/03/26 15:39:23.304] - eth_accounts
[2022/03/26 15:39:23.315] - eth_getBalance
[2022/03/26 15:39:23.317] - eth_getBalance
[2022/03/26 15:39:23.318] - eth_getBalance
[2022/03/26 15:39:23.320] - eth_getBalance
[2022/03/26 15:39:23.324] - eth_getBalance
[2022/03/26 15:39:23.326] - eth_getBalance
[2022/03/26 15:39:23.327] - eth_getBalance
[2022/03/26 15:39:23.329] - eth_getBalance
[2022/03/26 15:39:23.330] - eth_getBalance
[2022/03/26 15:39:23.332] - eth_getBalance
[2022/03/26 15:39:24.291] - net_version
[2022/03/26 15:39:24.307] - eth_accounts
[2022/03/26 15:39:24.325] - eth_getBalance
[2022/03/26 15:39:24.326] - eth_getBalance
[2022/03/26 15:39:24.330] - eth_getBalance
[2022/03/26 15:39:24.331] - eth_getBalance
[2022/03/26 15:39:24.333] - eth_getBalance
[2022/03/26 15:39:24.336] - eth_getBalance
[2022/03/26 15:39:24.339] - eth_getBalance
[2022/03/26 15:39:24.342] - eth_getBalance
[2022/03/26 15:39:24.343] - eth_getBalance
[2022/03/26 15:39:24.344] - eth_getBalance
[2022/03/26 15:39:25.298] - net_version
[2022/03/26 15:39:25.316] - eth_accounts
[2022/03/26 15:39:25.324] - eth_getBalance
[2022/03/26 15:39:25.327] - eth_getBalance
[2022/03/26 15:39:25.329] - eth_getBalance
[2022/03/26 15:39:25.333] - eth_getBalance
[2022/03/26 15:39:25.334] - eth_getBalance
[2022/03/26 15:39:25.335] - eth_getBalance
[2022/03/26 15:39:25.336] - eth_getBalance
[2022/03/26 15:39:25.337] - eth_getBalance
[2022/03/26 15:39:25.340] - eth_getBalance
[2022/03/26 15:39:25.341] - eth_getBalance
[2022/03/26 15:39:26.306] - net_version
[2022/03/26 15:39:26.322] - eth_accounts
[2022/03/26 15:39:26.337] - eth_getBalance
[2022/03/26 15:39:26.339] - eth_getBalance
[2022/03/26 15:39:26.340] - eth_getBalance
[2022/03/26 15:39:26.343] - eth_getBalance
[2022/03/26 15:39:26.344] - eth_getBalance
[2022/03/26 15:39:26.346] - eth_getBalance
[2022/03/26 15:39:26.351] - eth_getBalance
[2022/03/26 15:39:26.352] - eth_getBalance
[2022/03/26 15:39:26.353] - eth_getBalance
[2022/03/26 15:39:26.355] - eth_getBalance
[2022/03/26 15:39:27.319] - net_version
[2022/03/26 15:39:27.340] - eth_accounts
[2022/03/26 15:39:27.352] - eth_getBalance
[2022/03/26 15:39:27.354] - eth_getBalance
[2022/03/26 15:39:27.355] - eth_getBalance
[2022/03/26 15:39:27.360] - eth_getBalance
[2022/03/26 15:39:27.361] - eth_getBalance
[2022/03/26 15:39:27.373] - eth_getBalance
[2022/03/26 15:39:27.374] - eth_getBalance
[2022/03/26 15:39:27.375] - eth_getBalance
[2022/03/26 15:39:27.376] - eth_getBalance
[2022/03/26 15:39:27.377] - eth_getBalance
[2022/03/26 15:39:28.330] - net_version
[2022/03/26 15:39:28.331] - eth_getBlockByNumber
[2022/03/26 15:39:28.342] - eth_accounts
[2022/03/26 15:39:28.345] - net_version
[2022/03/26 15:39:28.351] - eth_getBalance
[2022/03/26 15:39:28.354] - eth_getBalance
[2022/03/26 15:39:28.356] - eth_getBalance
[2022/03/26 15:39:28.358] - eth_getBalance
[2022/03/26 15:39:28.359] - eth_getBalance
[2022/03/26 15:39:28.361] - eth_getBalance
[2022/03/26 15:39:28.362] - eth_getBalance
[2022/03/26 15:39:28.363] - eth_getBalance
[2022/03/26 15:39:28.364] - eth_getBalance
[2022/03/26 15:39:28.367] - eth_getBalance
[2022/03/26 15:39:29.331] - net_version
[2022/03/26 15:39:29.344] - eth_accounts
[2022/03/26 15:39:29.362] - eth_getBalance
[2022/03/26 15:39:29.363] - eth_getBalance
[2022/03/26 15:39:29.367] - eth_getBalance
[2022/03/26 15:39:29.368] - eth_getBalance
[2022/03/26 15:39:29.370] - eth_getBalance
[2022/03/26 15:39:29.371] - eth_getBalance
[2022/03/26 15:39:29.372] - eth_getBalance
[2022/03/26 15:39:29.374] - eth_getBalance
[2022/03/26 15:39:29.375] - eth_getBalance
[2022/03/26 15:39:29.376] - eth_getBalance
[2022/03/26 15:39:30.342] - net_version
[2022/03/26 15:39:30.358] - eth_accounts
[2022/03/26 15:39:30.373] - eth_getBalance
[2022/03/26 15:39:30.377] - eth_getBalance
[2022/03/26 15:39:30.378] - eth_getBalance
[2022/03/26 15:39:30.380] - eth_getBalance
[2022/03/26 15:39:30.381] - eth_getBalance
[2022/03/26 15:39:30.382] - eth_getBalance
[2022/03/26 15:39:30.384] - eth_getBalance
[2022/03/26 15:39:30.385] - eth_getBalance
[2022/03/26 15:39:30.387] - eth_getBalance
[2022/03/26 15:39:30.388] - eth_getBalance
[2022/03/26 15:39:31.357] - net_version
[2022/03/26 15:39:31.378] - eth_accounts
[2022/03/26 15:39:31.392] - eth_getBalance
[2022/03/26 15:39:31.394] - eth_getBalance
[2022/03/26 15:39:31.399] - eth_getBalance
[2022/03/26 15:39:31.401] - eth_getBalance
[2022/03/26 15:39:31.401] - eth_getBalance
[2022/03/26 15:39:31.402] - eth_getBalance
[2022/03/26 15:39:31.403] - eth_getBalance
[2022/03/26 15:39:31.404] - eth_getBalance
[2022/03/26 15:39:31.405] - eth_getBalance
[2022/03/26 15:39:31.406] - eth_getBalance
[2022/03/26 15:39:32.369] - net_version
[2022/03/26 15:39:32.387] - eth_accounts
[2022/03/26 15:39:32.402] - eth_getBalance
[2022/03/26 15:39:32.403] - eth_getBalance
[2022/03/26 15:39:32.406] - eth_getBalance
[2022/03/26 15:39:32.409] - eth_getBalance
[2022/03/26 15:39:32.410] - eth_getBalance
[2022/03/26 15:39:32.412] - eth_getBalance
[2022/03/26 15:39:32.413] - eth_getBalance
[2022/03/26 15:39:32.415] - eth_getBalance
[2022/03/26 15:39:32.416] - eth_getBalance
[2022/03/26 15:39:32.417] - eth_getBalance
[2022/03/26 15:39:33.370] - net_version
[2022/03/26 15:39:33.389] - eth_accounts
[2022/03/26 15:39:33.404] - eth_getBalance
[2022/03/26 15:39:33.407] - eth_getBalance
[2022/03/26 15:39:33.409] - eth_getBalance
[2022/03/26 15:39:33.409] - eth_getBalance
[2022/03/26 15:39:33.411] - eth_getBalance
[2022/03/26 15:39:33.414] - eth_getBalance
[2022/03/26 15:39:33.415] - eth_getBalance
[2022/03/26 15:39:33.416] - eth_getBalance
[2022/03/26 15:39:33.416] - eth_getBalance
[2022/03/26 15:39:33.417] - eth_getBalance
[2022/03/26 15:39:34.383] - net_version
[2022/03/26 15:39:34.392] - eth_accounts
[2022/03/26 15:39:34.414] - eth_getBalance
[2022/03/26 15:39:34.417] - eth_getBalance
[2022/03/26 15:39:34.423] - eth_getBalance
[2022/03/26 15:39:34.424] - eth_getBalance
[2022/03/26 15:39:34.426] - eth_getBalance
[2022/03/26 15:39:34.427] - eth_getBalance
[2022/03/26 15:39:34.428] - eth_getBalance
[2022/03/26 15:39:34.430] - eth_getBalance
[2022/03/26 15:39:34.431] - eth_getBalance
[2022/03/26 15:39:34.432] - eth_getBalance
[2022/03/26 15:39:35.385] - net_version
[2022/03/26 15:39:35.399] - eth_accounts
[2022/03/26 15:39:35.412] - eth_getBalance
[2022/03/26 15:39:35.414] - eth_getBalance
[2022/03/26 15:39:35.416] - eth_getBalance
[2022/03/26 15:39:35.419] - eth_getBalance
[2022/03/26 15:39:35.421] - eth_getBalance
[2022/03/26 15:39:35.422] - eth_getBalance
[2022/03/26 15:39:35.423] - eth_getBalance
[2022/03/26 15:39:35.423] - eth_getBalance
[2022/03/26 15:39:35.424] - eth_getBalance
[2022/03/26 15:39:35.426] - eth_getBalance
[2022/03/26 15:39:36.245] - eth_unsubscribe
[2022/03/26 15:39:36.246] - eth_unsubscribe
