[2022/03/26 15:51:21.135] - Starting server with initial configuration: {"gasLimit":6721975,"gasPrice":20000000000,"hardfork":"muirGlacier","hostname":"127.0.0.1","port":8545,"network_id":5777,"default_balance_ether":100,"total_accounts":10,"unlocked_accounts":[],"locked":false,"vmErrorsOnRPCResponse":true,"verbose":false,"db_path":"C:\\Users\\User\\AppData\\Roaming\\Ganache\\workspaces\\volatile-route\\chaindata","logDirectory":"C:\\MIST\\L-4 T-2\\CSE 400\\PSCMBC_Final\\PSCMBC\\logs"}
[2022/03/26 15:51:21.261] - eth_accounts
[2022/03/26 15:51:21.263] - eth_accounts
[2022/03/26 15:51:21.264] - net_version
[2022/03/26 15:51:21.307] - net_version
[2022/03/26 15:51:21.309] - eth_accounts
[2022/03/26 15:51:21.311] - net_version
[2022/03/26 15:51:21.313] - eth_accounts
[2022/03/26 15:51:21.337] - eth_getBalance
[2022/03/26 15:51:21.367] - eth_getBalance
[2022/03/26 15:51:21.370] - eth_getBalance
[2022/03/26 15:51:21.376] - eth_getBalance
[2022/03/26 15:51:21.381] - eth_getBalance
[2022/03/26 15:51:21.394] - eth_getBalance
[2022/03/26 15:51:21.400] - eth_getBalance
[2022/03/26 15:51:21.401] - eth_getBalance
[2022/03/26 15:51:21.403] - eth_getBalance
[2022/03/26 15:51:21.405] - eth_getBalance
[2022/03/26 15:51:21.410] - eth_getBalance
[2022/03/26 15:51:21.414] - eth_getBalance
[2022/03/26 15:51:21.419] - eth_getBalance
[2022/03/26 15:51:21.422] - eth_getBalance
[2022/03/26 15:51:21.426] - eth_getBalance
[2022/03/26 15:51:21.430] - eth_getBalance
[2022/03/26 15:51:21.433] - eth_getBalance
[2022/03/26 15:51:21.439] - eth_getBalance
[2022/03/26 15:51:21.440] - eth_getBalance
[2022/03/26 15:51:21.449] - eth_getBalance
[2022/03/26 15:51:21.451] - eth_getBalance
[2022/03/26 15:51:21.455] - eth_subscribe
[2022/03/26 15:51:21.458] - eth_getLogs
[2022/03/26 15:51:21.459] - eth_getBalance
[2022/03/26 15:51:21.461] - eth_subscribe
[2022/03/26 15:51:21.463] - eth_getBalance
[2022/03/26 15:51:21.464] - eth_getCode
[2022/03/26 15:51:21.465] - eth_getBalance
[2022/03/26 15:51:21.468] - eth_getBalance
[2022/03/26 15:51:21.470] - eth_getBalance
[2022/03/26 15:51:21.473] - eth_getBalance
[2022/03/26 15:51:21.506] - eth_getBalance
[2022/03/26 15:51:21.522] - eth_getBalance
[2022/03/26 15:51:21.541] - eth_getBalance
[2022/03/26 15:51:21.544] - eth_getBalance
[2022/03/26 15:51:21.547] - eth_getBalance
[2022/03/26 15:51:21.550] - eth_getBalance
[2022/03/26 15:51:21.557] - eth_getBalance
[2022/03/26 15:51:21.558] - eth_getBalance
[2022/03/26 15:51:21.563] - eth_getBalance
[2022/03/26 15:51:21.565] - eth_getBalance
[2022/03/26 15:51:21.568] - eth_getBalance
[2022/03/26 15:51:21.571] - eth_getBalance
[2022/03/26 15:51:21.574] - eth_getBalance
[2022/03/26 15:51:21.575] - eth_getCode
[2022/03/26 15:51:21.576] - net_version
[2022/03/26 15:51:21.615] - eth_getCode
[2022/03/26 15:51:21.616] - eth_subscribe
[2022/03/26 15:51:21.617] - eth_getLogs
[2022/03/26 15:51:21.618] - eth_subscribe
[2022/03/26 15:51:21.667] - eth_getCode
[2022/03/26 15:51:22.186] - eth_blockNumber
[2022/03/26 15:51:22.187] - eth_accounts
[2022/03/26 15:51:22.187] - eth_blockNumber
[2022/03/26 15:51:22.188] - eth_gasPrice
[2022/03/26 15:51:22.188] - eth_accounts
[2022/03/26 15:51:22.189] - eth_getBlockByNumber
[2022/03/26 15:51:22.190] - eth_gasPrice
[2022/03/26 15:51:22.190] - eth_subscribe
[2022/03/26 15:51:22.191] - eth_getBlockByNumber
[2022/03/26 15:51:22.191] - eth_subscribe
[2022/03/26 15:51:22.245] - eth_accounts
[2022/03/26 15:51:22.246] - eth_accounts
[2022/03/26 15:51:22.275] - eth_getBalance
[2022/03/26 15:51:22.278] - eth_getBalance
[2022/03/26 15:51:22.281] - eth_getBalance
[2022/03/26 15:51:22.282] - eth_getBalance
[2022/03/26 15:51:22.285] - eth_getBalance
[2022/03/26 15:51:22.287] - eth_getBalance
[2022/03/26 15:51:22.288] - eth_getBalance
[2022/03/26 15:51:22.289] - eth_getBalance
[2022/03/26 15:51:22.292] - eth_getBalance
[2022/03/26 15:51:22.293] - eth_getBalance
[2022/03/26 15:51:22.426] - eth_getBalance
[2022/03/26 15:51:22.443] - eth_getTransactionCount
[2022/03/26 15:51:22.458] - eth_getBalance
[2022/03/26 15:51:22.471] - eth_getTransactionCount
[2022/03/26 15:51:22.480] - net_version
[2022/03/26 15:51:22.488] - eth_getBalance
[2022/03/26 15:51:22.503] - eth_getTransactionCount
[2022/03/26 15:51:22.518] - eth_getBalance
[2022/03/26 15:51:22.534] - eth_getTransactionCount
[2022/03/26 15:51:22.550] - eth_getBalance
[2022/03/26 15:51:22.562] - eth_getTransactionCount
[2022/03/26 15:51:22.578] - eth_getBalance
[2022/03/26 15:51:22.591] - eth_getTransactionCount
[2022/03/26 15:51:22.608] - eth_getBalance
[2022/03/26 15:51:22.623] - eth_getTransactionCount
[2022/03/26 15:51:22.641] - eth_getBalance
[2022/03/26 15:51:22.655] - eth_getTransactionCount
[2022/03/26 15:51:22.671] - eth_getBalance
[2022/03/26 15:51:22.683] - eth_getTransactionCount
[2022/03/26 15:51:22.701] - eth_getBalance
[2022/03/26 15:51:22.713] - eth_getTransactionCount
[2022/03/26 15:51:22.753] - eth_getBalance
[2022/03/26 15:51:22.769] - eth_getTransactionCount
[2022/03/26 15:51:22.781] - eth_getBalance
[2022/03/26 15:51:22.798] - eth_getTransactionCount
[2022/03/26 15:51:22.811] - eth_getBalance
[2022/03/26 15:51:22.827] - eth_getTransactionCount
[2022/03/26 15:51:22.839] - eth_getBalance
[2022/03/26 15:51:22.856] - eth_getTransactionCount
[2022/03/26 15:51:22.868] - eth_getBalance
[2022/03/26 15:51:22.885] - eth_getTransactionCount
[2022/03/26 15:51:22.897] - eth_getBalance
[2022/03/26 15:51:22.913] - eth_getTransactionCount
[2022/03/26 15:51:22.925] - eth_getBalance
[2022/03/26 15:51:22.942] - eth_getTransactionCount
[2022/03/26 15:51:22.954] - eth_getBalance
[2022/03/26 15:51:22.970] - eth_getTransactionCount
[2022/03/26 15:51:22.983] - eth_getBalance
[2022/03/26 15:51:22.996] - eth_getTransactionCount
[2022/03/26 15:51:23.011] - eth_getBalance
[2022/03/26 15:51:23.024] - eth_getTransactionCount
[2022/03/26 15:51:23.042] - eth_getBalance
[2022/03/26 15:51:23.054] - eth_getTransactionCount
[2022/03/26 15:51:23.119] - eth_getBalance
[2022/03/26 15:51:23.134] - eth_getTransactionCount
[2022/03/26 15:51:23.146] - eth_getBalance
[2022/03/26 15:51:23.161] - eth_getTransactionCount
[2022/03/26 15:51:23.174] - eth_getBalance
[2022/03/26 15:51:23.189] - eth_getTransactionCount
[2022/03/26 15:51:23.203] - eth_getBalance
[2022/03/26 15:51:23.219] - eth_getTransactionCount
[2022/03/26 15:51:23.233] - eth_getBalance
[2022/03/26 15:51:23.250] - eth_getTransactionCount
[2022/03/26 15:51:23.256] - eth_accounts
[2022/03/26 15:51:23.264] - eth_getBalance
[2022/03/26 15:51:23.271] - eth_getBalance
[2022/03/26 15:51:23.272] - eth_getBalance
[2022/03/26 15:51:23.275] - eth_getBalance
[2022/03/26 15:51:23.277] - eth_getBalance
[2022/03/26 15:51:23.278] - eth_getBalance
[2022/03/26 15:51:23.280] - eth_getBalance
[2022/03/26 15:51:23.283] - eth_getBalance
[2022/03/26 15:51:23.285] - eth_getBalance
[2022/03/26 15:51:23.286] - eth_getBalance
[2022/03/26 15:51:23.288] - eth_getBalance
[2022/03/26 15:51:23.297] - eth_getTransactionCount
[2022/03/26 15:51:23.313] - eth_getBalance
[2022/03/26 15:51:23.333] - eth_getTransactionCount
[2022/03/26 15:51:23.347] - eth_getBalance
[2022/03/26 15:51:23.367] - eth_getTransactionCount
[2022/03/26 15:51:23.393] - eth_getBalance
[2022/03/26 15:51:23.398] - eth_getTransactionCount
[2022/03/26 15:51:23.486] - net_version
[2022/03/26 15:51:23.963] - eth_getBalance
[2022/03/26 15:51:23.978] - eth_getTransactionCount
[2022/03/26 15:51:23.992] - eth_getBalance
[2022/03/26 15:51:24.008] - eth_getTransactionCount
[2022/03/26 15:51:24.021] - eth_getBalance
[2022/03/26 15:51:24.038] - eth_getTransactionCount
[2022/03/26 15:51:24.053] - eth_getBalance
[2022/03/26 15:51:24.071] - eth_getTransactionCount
[2022/03/26 15:51:24.084] - eth_getBalance
[2022/03/26 15:51:24.101] - eth_getTransactionCount
[2022/03/26 15:51:24.113] - eth_getBalance
[2022/03/26 15:51:24.130] - eth_getTransactionCount
[2022/03/26 15:51:24.142] - eth_getBalance
[2022/03/26 15:51:24.159] - eth_getTransactionCount
[2022/03/26 15:51:24.172] - eth_getBalance
[2022/03/26 15:51:24.186] - eth_getTransactionCount
[2022/03/26 15:51:24.203] - eth_getBalance
[2022/03/26 15:51:24.218] - eth_getTransactionCount
[2022/03/26 15:51:24.236] - eth_getBalance
[2022/03/26 15:51:24.251] - eth_getTransactionCount
[2022/03/26 15:51:24.269] - eth_blockNumber
[2022/03/26 15:51:24.285] - eth_accounts
[2022/03/26 15:51:24.305] - eth_getBalance
[2022/03/26 15:51:24.309] - eth_getBalance
[2022/03/26 15:51:24.312] - eth_getBalance
[2022/03/26 15:51:24.313] - eth_getBalance
[2022/03/26 15:51:24.315] - eth_getBalance
[2022/03/26 15:51:24.317] - eth_getBalance
[2022/03/26 15:51:24.319] - eth_getBalance
[2022/03/26 15:51:24.321] - eth_getBalance
[2022/03/26 15:51:24.322] - eth_getBalance
[2022/03/26 15:51:24.324] - eth_getBalance
[2022/03/26 15:51:24.502] - net_version
[2022/03/26 15:51:25.287] - eth_accounts
[2022/03/26 15:51:25.301] - eth_getBalance
[2022/03/26 15:51:25.305] - eth_getBalance
[2022/03/26 15:51:25.306] - eth_getBalance
[2022/03/26 15:51:25.308] - eth_getBalance
[2022/03/26 15:51:25.309] - eth_getBalance
[2022/03/26 15:51:25.311] - eth_getBalance
[2022/03/26 15:51:25.315] - eth_getBalance
[2022/03/26 15:51:25.317] - eth_getBalance
[2022/03/26 15:51:25.318] - eth_getBalance
[2022/03/26 15:51:25.319] - eth_getBalance
[2022/03/26 15:51:25.514] - net_version
[2022/03/26 15:51:26.284] - eth_accounts
[2022/03/26 15:51:26.302] - eth_getBalance
[2022/03/26 15:51:26.305] - eth_getBalance
[2022/03/26 15:51:26.307] - eth_getBalance
[2022/03/26 15:51:26.313] - eth_getBalance
[2022/03/26 15:51:26.314] - eth_getBalance
[2022/03/26 15:51:26.315] - eth_getBalance
[2022/03/26 15:51:26.317] - eth_getBalance
[2022/03/26 15:51:26.318] - eth_getBalance
[2022/03/26 15:51:26.319] - eth_getBalance
[2022/03/26 15:51:26.322] - eth_getBalance
[2022/03/26 15:51:26.514] - net_version
[2022/03/26 15:51:27.204] - eth_getBlockByNumber
[2022/03/26 15:51:27.295] - eth_accounts
[2022/03/26 15:51:27.308] - eth_getBalance
[2022/03/26 15:51:27.309] - eth_getBalance
[2022/03/26 15:51:27.311] - eth_getBalance
[2022/03/26 15:51:27.313] - eth_getBalance
[2022/03/26 15:51:27.315] - eth_getBalance
[2022/03/26 15:51:27.318] - eth_getBalance
[2022/03/26 15:51:27.319] - eth_getBalance
[2022/03/26 15:51:27.321] - eth_getBalance
[2022/03/26 15:51:27.322] - eth_getBalance
[2022/03/26 15:51:27.323] - eth_getBalance
[2022/03/26 15:51:27.519] - net_version
[2022/03/26 15:51:27.826] - eth_getTransactionReceipt
[2022/03/26 15:51:27.896] - eth_getBlockByNumber
[2022/03/26 15:51:27.946] - eth_getTransactionReceipt
[2022/03/26 15:51:28.033] - eth_getBlockByNumber
[2022/03/26 15:51:28.098] - eth_getTransactionReceipt
[2022/03/26 15:51:28.173] - eth_getBlockByNumber
[2022/03/26 15:51:28.230] - eth_getTransactionReceipt
[2022/03/26 15:51:28.308] - eth_accounts
[2022/03/26 15:51:28.313] - eth_getBlockByNumber
[2022/03/26 15:51:28.323] - eth_getBalance
[2022/03/26 15:51:28.326] - eth_getBalance
[2022/03/26 15:51:28.327] - eth_getBalance
[2022/03/26 15:51:28.329] - eth_getBalance
[2022/03/26 15:51:28.331] - eth_getBalance
[2022/03/26 15:51:28.334] - eth_getBalance
[2022/03/26 15:51:28.337] - eth_getBalance
[2022/03/26 15:51:28.338] - eth_getBalance
[2022/03/26 15:51:28.340] - eth_getBalance
[2022/03/26 15:51:28.341] - eth_getBalance
[2022/03/26 15:51:28.520] - net_version
[2022/03/26 15:51:28.617] - eth_getBlockByNumber
[2022/03/26 15:51:28.781] - eth_getTransactionReceipt
[2022/03/26 15:51:28.831] - eth_getBlockByNumber
[2022/03/26 15:51:28.898] - eth_getBlockByNumber
[2022/03/26 15:51:28.950] - eth_getBlockByNumber
[2022/03/26 15:51:29.006] - eth_getTransactionReceipt
[2022/03/26 15:51:29.054] - eth_getBlockByNumber
[2022/03/26 15:51:29.117] - eth_getBlockByNumber
[2022/03/26 15:51:29.161] - eth_getBlockByNumber
[2022/03/26 15:51:29.214] - eth_getTransactionReceipt
[2022/03/26 15:51:29.258] - eth_getBlockByNumber
[2022/03/26 15:51:29.306] - eth_accounts
[2022/03/26 15:51:29.325] - eth_getBlockByNumber
[2022/03/26 15:51:29.332] - eth_getBalance
[2022/03/26 15:51:29.333] - eth_getBalance
[2022/03/26 15:51:29.336] - eth_getBalance
[2022/03/26 15:51:29.337] - eth_getBalance
[2022/03/26 15:51:29.339] - eth_getBalance
[2022/03/26 15:51:29.341] - eth_getBalance
[2022/03/26 15:51:29.343] - eth_getBalance
[2022/03/26 15:51:29.345] - eth_getBalance
[2022/03/26 15:51:29.346] - eth_getBalance
[2022/03/26 15:51:29.348] - eth_getBalance
[2022/03/26 15:51:29.390] - eth_getBlockByNumber
[2022/03/26 15:51:29.525] - net_version
[2022/03/26 15:51:29.649] - eth_getTransactionReceipt
[2022/03/26 15:51:29.666] - eth_getBlockByNumber
[2022/03/26 15:51:29.760] - eth_getBlockByNumber
[2022/03/26 15:51:29.790] - eth_getBlockByNumber
[2022/03/26 15:51:29.836] - eth_getBlockByNumber
[2022/03/26 15:51:29.885] - eth_getTransactionReceipt
[2022/03/26 15:51:29.932] - eth_getBlockByNumber
[2022/03/26 15:51:29.994] - eth_getBlockByNumber
[2022/03/26 15:51:30.040] - eth_getLogs
[2022/03/26 15:51:30.090] - eth_getTransactionReceipt
[2022/03/26 15:51:30.206] - eth_getBlockByNumber
[2022/03/26 15:51:30.260] - eth_getTransactionReceipt
[2022/03/26 15:51:30.309] - eth_accounts
[2022/03/26 15:51:30.324] - eth_getBalance
[2022/03/26 15:51:30.327] - eth_getBalance
[2022/03/26 15:51:30.332] - eth_getBalance
[2022/03/26 15:51:30.333] - eth_getBalance
[2022/03/26 15:51:30.335] - eth_getBalance
[2022/03/26 15:51:30.337] - eth_getBalance
[2022/03/26 15:51:30.338] - eth_getBalance
[2022/03/26 15:51:30.339] - eth_getBalance
[2022/03/26 15:51:30.342] - eth_getBalance
[2022/03/26 15:51:30.343] - eth_getBalance
[2022/03/26 15:51:30.537] - net_version
[2022/03/26 15:51:30.605] - net_version
[2022/03/26 15:51:30.659] - eth_getCode
[2022/03/26 15:51:30.804] - net_version
[2022/03/26 15:51:30.818] - eth_getCode
[2022/03/26 15:51:30.920] - net_version
[2022/03/26 15:51:30.939] - eth_getCode
[2022/03/26 15:51:31.321] - eth_accounts
[2022/03/26 15:51:31.334] - eth_getBalance
[2022/03/26 15:51:31.335] - eth_getBalance
[2022/03/26 15:51:31.340] - eth_getBalance
[2022/03/26 15:51:31.341] - eth_getBalance
[2022/03/26 15:51:31.346] - eth_getBalance
[2022/03/26 15:51:31.347] - eth_getBalance
[2022/03/26 15:51:31.349] - eth_getBalance
[2022/03/26 15:51:31.351] - eth_getBalance
[2022/03/26 15:51:31.353] - eth_getBalance
[2022/03/26 15:51:31.355] - eth_getBalance
[2022/03/26 15:51:31.540] - net_version
[2022/03/26 15:51:31.824] - eth_getBlockByNumber
[2022/03/26 15:51:31.845] - net_version
[2022/03/26 15:51:32.343] - eth_accounts
[2022/03/26 15:51:32.356] - eth_getBalance
[2022/03/26 15:51:32.371] - eth_getBalance
[2022/03/26 15:51:32.372] - eth_getBalance
[2022/03/26 15:51:32.373] - eth_getBalance
[2022/03/26 15:51:32.373] - eth_getBalance
[2022/03/26 15:51:32.374] - eth_getBalance
[2022/03/26 15:51:32.375] - eth_getBalance
[2022/03/26 15:51:32.375] - eth_getBalance
[2022/03/26 15:51:32.404] - eth_getBalance
[2022/03/26 15:51:32.406] - eth_getBalance
[2022/03/26 15:51:32.556] - net_version
[2022/03/26 15:51:32.951] - eth_unsubscribe
[2022/03/26 15:51:32.952] - eth_unsubscribe
