[2022/03/26 21:42:08.211] - Starting server with initial configuration: {"gasLimit":6721975,"gasPrice":20000000000,"hardfork":"muirGlacier","hostname":"127.0.0.1","port":8545,"network_id":5777,"default_balance_ether":100,"total_accounts":10,"unlocked_accounts":[],"locked":false,"vmErrorsOnRPCResponse":true,"verbose":false,"db_path":"C:\\Users\\User\\AppData\\Roaming\\Ganache\\workspaces\\PSCMBC\\chaindata","logDirectory":"C:\\MIST\\L-4 T-2\\CSE 400\\PSCMBC_Final\\PSCMBC\\logs"}
[2022/03/26 21:42:08.365] - eth_accounts
[2022/03/26 21:42:08.418] - eth_accounts
[2022/03/26 21:42:08.495] - net_version
[2022/03/26 21:42:08.543] - net_version
[2022/03/26 21:42:08.554] - net_version
[2022/03/26 21:42:08.555] - net_version
[2022/03/26 21:42:08.557] - eth_accounts
[2022/03/26 21:42:08.558] - eth_accounts
[2022/03/26 21:42:08.559] - net_version
[2022/03/26 21:42:08.560] - eth_accounts
[2022/03/26 21:42:08.562] - eth_getBalance
[2022/03/26 21:42:08.563] - eth_getBalance
[2022/03/26 21:42:08.565] - eth_getBalance
[2022/03/26 21:42:08.569] - eth_getBalance
[2022/03/26 21:42:08.605] - eth_getBalance
[2022/03/26 21:42:08.761] - eth_getBalance
[2022/03/26 21:42:09.080] - eth_accounts
[2022/03/26 21:42:09.968] - eth_blockNumber
[2022/03/26 21:42:10.087] - eth_getBlockByNumber
[2022/03/26 21:42:10.089] - net_version
[2022/03/26 21:42:11.112] - eth_accounts
[2022/03/26 21:42:11.366] - eth_getCode
[2022/03/26 21:42:11.367] - eth_subscribe
[2022/03/26 21:42:11.370] - eth_getLogs
[2022/03/26 21:42:11.371] - eth_subscribe
[2022/03/26 21:42:11.516] - eth_getCode
[2022/03/26 21:42:11.517] - eth_subscribe
[2022/03/26 21:42:11.518] - eth_getLogs
[2022/03/26 21:42:11.518] - eth_subscribe
[2022/03/26 21:42:12.086] - eth_blockNumber
[2022/03/26 21:42:12.087] - eth_accounts
[2022/03/26 21:42:12.088] - eth_gasPrice
[2022/03/26 21:42:12.088] - eth_blockNumber
[2022/03/26 21:42:12.089] - eth_getBlockByNumber
[2022/03/26 21:42:12.089] - eth_accounts
[2022/03/26 21:42:12.090] - eth_subscribe
[2022/03/26 21:42:12.091] - eth_gasPrice
[2022/03/26 21:42:12.091] - eth_getBlockByNumber
[2022/03/26 21:42:12.091] - eth_subscribe
[2022/03/26 21:42:12.126] - net_version
[2022/03/26 21:42:12.139] - eth_accounts
[2022/03/26 21:42:13.137] - net_version
[2022/03/26 21:42:14.735] - eth_getBalance
[2022/03/26 21:42:14.739] - eth_getBalance
[2022/03/26 21:42:14.740] - eth_getBalance
[2022/03/26 21:42:14.742] - eth_getBalance
[2022/03/26 21:42:14.747] - eth_getBalance
[2022/03/26 21:42:14.748] - eth_getBalance
[2022/03/26 21:42:14.750] - eth_getBalance
[2022/03/26 21:42:14.751] - eth_getBalance
[2022/03/26 21:42:14.930] - eth_getCode
[2022/03/26 21:42:15.014] - eth_getCode
[2022/03/26 21:42:15.122] - eth_accounts
[2022/03/26 21:42:15.208] - eth_getBalance
[2022/03/26 21:42:15.211] - eth_getBalance
[2022/03/26 21:42:15.214] - eth_getBalance
[2022/03/26 21:42:15.217] - eth_getBalance
[2022/03/26 21:42:15.218] - eth_getBalance
[2022/03/26 21:42:15.222] - eth_getBalance
[2022/03/26 21:42:15.225] - eth_getBalance
[2022/03/26 21:42:15.227] - eth_getBalance
[2022/03/26 21:42:15.280] - eth_getBalance
[2022/03/26 21:42:15.302] - eth_getTransactionCount
[2022/03/26 21:42:15.323] - eth_getBalance
[2022/03/26 21:42:15.345] - eth_getTransactionCount
[2022/03/26 21:42:15.367] - eth_getBalance
[2022/03/26 21:42:15.389] - eth_getTransactionCount
[2022/03/26 21:42:15.408] - eth_getBalance
[2022/03/26 21:42:15.431] - eth_getTransactionCount
[2022/03/26 21:42:15.447] - eth_getBalance
[2022/03/26 21:42:15.450] - eth_getBalance
[2022/03/26 21:42:15.454] - eth_getBalance
[2022/03/26 21:42:15.456] - eth_getBalance
[2022/03/26 21:42:15.459] - eth_getBalance
[2022/03/26 21:42:15.465] - eth_getBalance
[2022/03/26 21:42:15.466] - eth_getBalance
[2022/03/26 21:42:15.487] - eth_getTransactionCount
[2022/03/26 21:42:15.505] - eth_getBalance
[2022/03/26 21:42:15.517] - eth_getTransactionCount
[2022/03/26 21:42:15.536] - eth_getBalance
[2022/03/26 21:42:15.537] - eth_getBalance
[2022/03/26 21:42:15.540] - eth_getBalance
[2022/03/26 21:42:15.543] - eth_getBalance
[2022/03/26 21:42:15.554] - eth_getTransactionCount
[2022/03/26 21:42:15.573] - eth_getBalance
[2022/03/26 21:42:15.575] - eth_getBalance
[2022/03/26 21:42:15.577] - eth_getBalance
[2022/03/26 21:42:15.586] - eth_getBalance
[2022/03/26 21:42:15.591] - eth_getTransactionCount
[2022/03/26 21:42:15.607] - eth_getBalance
[2022/03/26 21:42:15.618] - eth_getBalance
[2022/03/26 21:42:15.621] - eth_getBalance
[2022/03/26 21:42:15.622] - eth_getBalance
[2022/03/26 21:42:15.628] - eth_getTransactionCount
[2022/03/26 21:42:15.634] - eth_getBalance
[2022/03/26 21:42:15.646] - eth_getBalance
[2022/03/26 21:42:15.653] - eth_getBalance
[2022/03/26 21:42:15.655] - eth_getBalance
[2022/03/26 21:42:15.657] - eth_getBalance
[2022/03/26 21:42:15.659] - eth_getBalance
[2022/03/26 21:42:15.661] - eth_getBalance
[2022/03/26 21:42:15.671] - eth_getTransactionCount
[2022/03/26 21:42:15.672] - eth_getBalance
[2022/03/26 21:42:15.681] - eth_getBalance
[2022/03/26 21:42:15.684] - eth_getBalance
[2022/03/26 21:42:15.699] - eth_getBalance
[2022/03/26 21:42:15.701] - eth_getBalance
[2022/03/26 21:42:15.703] - eth_getBalance
[2022/03/26 21:42:15.714] - eth_getBalance
[2022/03/26 21:42:15.716] - eth_getBalance
[2022/03/26 21:42:15.725] - eth_getBalance
[2022/03/26 21:42:15.726] - eth_getBalance
[2022/03/26 21:42:15.731] - eth_getBalance
[2022/03/26 21:42:15.732] - eth_getBalance
[2022/03/26 21:42:15.736] - eth_getBalance
[2022/03/26 21:42:15.741] - eth_getBalance
[2022/03/26 21:42:15.742] - eth_getBalance
[2022/03/26 21:42:15.745] - eth_getBalance
[2022/03/26 21:42:15.750] - eth_accounts
[2022/03/26 21:42:15.752] - net_version
[2022/03/26 21:42:15.759] - eth_accounts
[2022/03/26 21:42:15.760] - eth_getBalance
[2022/03/26 21:42:15.763] - eth_getBalance
[2022/03/26 21:42:15.765] - net_version
[2022/03/26 21:42:15.766] - eth_getBalance
[2022/03/26 21:42:15.768] - eth_getBalance
[2022/03/26 21:42:15.769] - eth_getBalance
[2022/03/26 21:42:15.772] - eth_getBalance
[2022/03/26 21:42:15.774] - eth_getBalance
[2022/03/26 21:42:15.777] - eth_getBalance
[2022/03/26 21:42:15.778] - eth_getBalance
[2022/03/26 21:42:15.780] - eth_getBalance
[2022/03/26 21:42:15.783] - eth_getBalance
[2022/03/26 21:42:15.786] - eth_getBalance
[2022/03/26 21:42:15.788] - net_version
[2022/03/26 21:42:15.791] - eth_accounts
[2022/03/26 21:42:15.792] - eth_getBalance
[2022/03/26 21:42:15.795] - eth_getBalance
[2022/03/26 21:42:15.800] - eth_getBalance
[2022/03/26 21:42:15.801] - eth_getBalance
[2022/03/26 21:42:15.804] - eth_getBalance
[2022/03/26 21:42:15.807] - eth_getBalance
[2022/03/26 21:42:15.810] - eth_getBalance
[2022/03/26 21:42:15.812] - eth_getBalance
[2022/03/26 21:42:15.813] - eth_getBalance
[2022/03/26 21:42:15.865] - eth_getBalance
[2022/03/26 21:42:15.866] - eth_getBalance
[2022/03/26 21:42:15.874] - eth_getBalance
[2022/03/26 21:42:15.875] - eth_getBalance
[2022/03/26 21:42:15.877] - eth_getBalance
[2022/03/26 21:42:15.878] - eth_getBalance
[2022/03/26 21:42:15.880] - eth_getBalance
[2022/03/26 21:42:15.881] - eth_getBalance
[2022/03/26 21:42:15.884] - eth_getBalance
[2022/03/26 21:42:15.885] - eth_getBalance
[2022/03/26 21:42:15.894] - eth_getBalance
[2022/03/26 21:42:15.896] - eth_getBalance
[2022/03/26 21:42:15.900] - eth_getBalance
[2022/03/26 21:42:15.904] - eth_getBalance
[2022/03/26 21:42:15.905] - eth_getBalance
[2022/03/26 21:42:15.906] - eth_getBalance
[2022/03/26 21:42:15.908] - eth_getBalance
[2022/03/26 21:42:15.909] - eth_getBalance
[2022/03/26 21:42:15.914] - eth_getBalance
[2022/03/26 21:42:15.915] - eth_getBalance
[2022/03/26 21:42:15.986] - eth_getBalance
[2022/03/26 21:42:15.987] - eth_getBalance
[2022/03/26 21:42:15.991] - eth_getBalance
[2022/03/26 21:42:15.994] - eth_getBalance
[2022/03/26 21:42:15.995] - eth_getBalance
[2022/03/26 21:42:15.997] - eth_getBalance
[2022/03/26 21:42:15.998] - eth_getBalance
[2022/03/26 21:42:16.001] - eth_getBalance
[2022/03/26 21:42:16.004] - eth_getBalance
[2022/03/26 21:42:16.005] - eth_getBalance
[2022/03/26 21:42:16.165] - net_version
[2022/03/26 21:42:16.175] - eth_getBalance
[2022/03/26 21:42:16.189] - eth_getTransactionCount
[2022/03/26 21:42:16.206] - eth_getBalance
[2022/03/26 21:42:16.222] - eth_getTransactionCount
[2022/03/26 21:42:16.242] - eth_getBalance
[2022/03/26 21:42:16.255] - eth_getTransactionCount
[2022/03/26 21:42:16.272] - eth_getBalance
[2022/03/26 21:42:16.287] - eth_getTransactionCount
[2022/03/26 21:42:16.305] - eth_getBalance
[2022/03/26 21:42:16.319] - eth_getTransactionCount
[2022/03/26 21:42:16.335] - eth_getBalance
[2022/03/26 21:42:16.353] - eth_getTransactionCount
[2022/03/26 21:42:16.366] - eth_getBalance
[2022/03/26 21:42:16.385] - eth_getTransactionCount
[2022/03/26 21:42:16.399] - eth_getBalance
[2022/03/26 21:42:16.415] - eth_getTransactionCount
[2022/03/26 21:42:16.430] - eth_getBalance
[2022/03/26 21:42:16.448] - eth_getTransactionCount
[2022/03/26 21:42:16.462] - eth_getBalance
[2022/03/26 21:42:16.482] - eth_getTransactionCount
[2022/03/26 21:42:16.500] - eth_getBalance
[2022/03/26 21:42:16.518] - eth_getTransactionCount
[2022/03/26 21:42:16.536] - eth_getBalance
[2022/03/26 21:42:16.553] - eth_getTransactionCount
[2022/03/26 21:42:16.569] - eth_getBalance
[2022/03/26 21:42:16.587] - eth_getTransactionCount
[2022/03/26 21:42:16.612] - eth_getBalance
[2022/03/26 21:42:16.633] - eth_getTransactionCount
[2022/03/26 21:42:16.662] - eth_getBalance
[2022/03/26 21:42:16.680] - eth_getTransactionCount
[2022/03/26 21:42:16.721] - eth_getBalance
[2022/03/26 21:42:16.742] - eth_getTransactionCount
[2022/03/26 21:42:16.764] - eth_getBalance
[2022/03/26 21:42:16.787] - eth_getTransactionCount
[2022/03/26 21:42:16.802] - eth_getBalance
[2022/03/26 21:42:16.820] - eth_getTransactionCount
[2022/03/26 21:42:16.838] - eth_getBalance
[2022/03/26 21:42:16.858] - eth_getTransactionCount
[2022/03/26 21:42:16.873] - eth_getBalance
[2022/03/26 21:42:16.892] - eth_getTransactionCount
[2022/03/26 21:42:16.907] - eth_getBalance
[2022/03/26 21:42:16.933] - eth_getTransactionCount
[2022/03/26 21:42:16.953] - eth_getBalance
[2022/03/26 21:42:16.966] - eth_getTransactionCount
[2022/03/26 21:42:16.986] - eth_getBalance
[2022/03/26 21:42:17.004] - eth_getTransactionCount
[2022/03/26 21:42:17.028] - eth_getBalance
[2022/03/26 21:42:17.050] - eth_getTransactionCount
[2022/03/26 21:42:17.070] - eth_getBalance
[2022/03/26 21:42:17.083] - eth_getTransactionCount
[2022/03/26 21:42:17.107] - eth_getBalance
[2022/03/26 21:42:17.122] - eth_getTransactionCount
[2022/03/26 21:42:17.141] - eth_getBalance
[2022/03/26 21:42:17.157] - eth_getTransactionCount
[2022/03/26 21:42:17.172] - eth_getBalance
[2022/03/26 21:42:17.187] - eth_accounts
[2022/03/26 21:42:17.194] - eth_getTransactionCount
[2022/03/26 21:42:17.202] - eth_getBalance
[2022/03/26 21:42:17.203] - eth_getBalance
[2022/03/26 21:42:17.205] - eth_getBalance
[2022/03/26 21:42:17.207] - eth_getBalance
[2022/03/26 21:42:17.211] - eth_getBalance
[2022/03/26 21:42:17.213] - eth_getBalance
[2022/03/26 21:42:17.215] - eth_getBalance
[2022/03/26 21:42:17.216] - eth_getBalance
[2022/03/26 21:42:17.221] - eth_getBalance
[2022/03/26 21:42:17.222] - eth_getBalance
[2022/03/26 21:42:17.223] - eth_getBalance
[2022/03/26 21:42:17.243] - eth_getTransactionCount
[2022/03/26 21:42:17.261] - eth_getBalance
[2022/03/26 21:42:17.281] - eth_getTransactionCount
[2022/03/26 21:42:18.193] - net_version
[2022/03/26 21:42:18.199] - eth_accounts
[2022/03/26 21:42:18.215] - eth_getBalance
[2022/03/26 21:42:18.218] - eth_getBalance
[2022/03/26 21:42:18.220] - eth_getBalance
[2022/03/26 21:42:18.224] - eth_getBalance
[2022/03/26 21:42:18.225] - eth_getBalance
[2022/03/26 21:42:18.228] - eth_getBalance
[2022/03/26 21:42:18.229] - eth_getBalance
[2022/03/26 21:42:18.230] - eth_getBalance
[2022/03/26 21:42:18.231] - eth_getBalance
[2022/03/26 21:42:18.233] - eth_getBalance
[2022/03/26 21:42:19.205] - net_version
[2022/03/26 21:42:19.211] - eth_accounts
[2022/03/26 21:42:19.225] - eth_getBalance
[2022/03/26 21:42:19.228] - eth_getBalance
[2022/03/26 21:42:19.233] - eth_getBalance
[2022/03/26 21:42:19.234] - eth_getBalance
[2022/03/26 21:42:19.236] - eth_getBalance
[2022/03/26 21:42:19.237] - eth_getBalance
[2022/03/26 21:42:19.239] - eth_getBalance
[2022/03/26 21:42:19.241] - eth_getBalance
[2022/03/26 21:42:19.242] - eth_getBalance
[2022/03/26 21:42:19.243] - eth_getBalance
[2022/03/26 21:42:20.208] - net_version
[2022/03/26 21:42:20.220] - eth_accounts
[2022/03/26 21:42:20.241] - eth_getBalance
[2022/03/26 21:42:20.245] - eth_getBalance
[2022/03/26 21:42:20.246] - eth_getBalance
[2022/03/26 21:42:20.251] - eth_getBalance
[2022/03/26 21:42:20.271] - eth_getBalance
[2022/03/26 21:42:20.274] - eth_getBalance
[2022/03/26 21:42:20.282] - eth_getBalance
[2022/03/26 21:42:20.283] - eth_getBalance
[2022/03/26 21:42:20.284] - eth_getBalance
[2022/03/26 21:42:20.285] - eth_getBalance
[2022/03/26 21:42:21.220] - net_version
[2022/03/26 21:42:21.226] - eth_accounts
[2022/03/26 21:42:21.241] - eth_getBalance
[2022/03/26 21:42:21.243] - eth_getBalance
[2022/03/26 21:42:21.246] - eth_getBalance
[2022/03/26 21:42:21.248] - eth_getBalance
[2022/03/26 21:42:21.250] - eth_getBalance
[2022/03/26 21:42:21.252] - eth_getBalance
[2022/03/26 21:42:21.253] - eth_getBalance
[2022/03/26 21:42:21.255] - eth_getBalance
[2022/03/26 21:42:21.256] - eth_getBalance
[2022/03/26 21:42:21.257] - eth_getBalance
[2022/03/26 21:42:22.236] - net_version
[2022/03/26 21:42:22.242] - eth_accounts
[2022/03/26 21:42:22.257] - eth_getBalance
[2022/03/26 21:42:22.259] - eth_getBalance
[2022/03/26 21:42:22.262] - eth_getBalance
[2022/03/26 21:42:22.265] - eth_getBalance
[2022/03/26 21:42:22.269] - eth_getBalance
[2022/03/26 21:42:22.270] - eth_getBalance
[2022/03/26 21:42:22.272] - eth_getBalance
[2022/03/26 21:42:22.273] - eth_getBalance
[2022/03/26 21:42:22.275] - eth_getBalance
[2022/03/26 21:42:22.275] - eth_getBalance
[2022/03/26 21:42:23.251] - net_version
[2022/03/26 21:42:23.256] - eth_accounts
[2022/03/26 21:42:23.272] - eth_getBalance
[2022/03/26 21:42:23.276] - eth_getBalance
[2022/03/26 21:42:23.278] - eth_getBalance
[2022/03/26 21:42:23.279] - eth_getBalance
[2022/03/26 21:42:23.281] - eth_getBalance
[2022/03/26 21:42:23.281] - eth_getBalance
[2022/03/26 21:42:23.282] - eth_getBalance
[2022/03/26 21:42:23.283] - eth_getBalance
[2022/03/26 21:42:23.285] - eth_getBalance
[2022/03/26 21:42:23.286] - eth_getBalance
[2022/03/26 21:42:24.262] - net_version
[2022/03/26 21:42:24.267] - eth_accounts
[2022/03/26 21:42:24.283] - eth_getBalance
[2022/03/26 21:42:24.286] - eth_getBalance
[2022/03/26 21:42:24.288] - eth_getBalance
[2022/03/26 21:42:24.292] - eth_getBalance
[2022/03/26 21:42:24.293] - eth_getBalance
[2022/03/26 21:42:24.295] - eth_getBalance
[2022/03/26 21:42:24.296] - eth_getBalance
[2022/03/26 21:42:24.297] - eth_getBalance
[2022/03/26 21:42:24.299] - eth_getBalance
[2022/03/26 21:42:24.300] - eth_getBalance
[2022/03/26 21:42:25.278] - eth_getBlockByNumber
[2022/03/26 21:42:25.278] - net_version
[2022/03/26 21:42:25.285] - eth_accounts
[2022/03/26 21:42:25.289] - net_version
[2022/03/26 21:42:25.300] - eth_getBalance
[2022/03/26 21:42:25.301] - eth_getBalance
[2022/03/26 21:42:25.305] - eth_getBalance
[2022/03/26 21:42:25.309] - eth_getBalance
[2022/03/26 21:42:25.310] - eth_getBalance
[2022/03/26 21:42:25.312] - eth_getBalance
[2022/03/26 21:42:25.313] - eth_getBalance
[2022/03/26 21:42:25.315] - eth_getBalance
[2022/03/26 21:42:25.316] - eth_getBalance
[2022/03/26 21:42:25.317] - eth_getBalance
[2022/03/26 21:42:26.290] - net_version
[2022/03/26 21:42:26.295] - eth_accounts
[2022/03/26 21:42:26.310] - eth_getBalance
[2022/03/26 21:42:26.312] - eth_getBalance
[2022/03/26 21:42:26.313] - eth_getBalance
[2022/03/26 21:42:26.315] - eth_getBalance
[2022/03/26 21:42:26.319] - eth_getBalance
[2022/03/26 21:42:26.321] - eth_getBalance
[2022/03/26 21:42:26.322] - eth_getBalance
[2022/03/26 21:42:26.323] - eth_getBalance
[2022/03/26 21:42:26.325] - eth_getBalance
[2022/03/26 21:42:26.326] - eth_getBalance
[2022/03/26 21:42:27.304] - net_version
[2022/03/26 21:42:27.309] - eth_accounts
[2022/03/26 21:42:27.324] - eth_getBalance
[2022/03/26 21:42:27.326] - eth_getBalance
[2022/03/26 21:42:27.328] - eth_getBalance
[2022/03/26 21:42:27.330] - eth_getBalance
[2022/03/26 21:42:27.334] - eth_getBalance
[2022/03/26 21:42:27.335] - eth_getBalance
[2022/03/26 21:42:27.338] - eth_getBalance
[2022/03/26 21:42:27.340] - eth_getBalance
[2022/03/26 21:42:27.341] - eth_getBalance
[2022/03/26 21:42:27.342] - eth_getBalance
[2022/03/26 21:42:28.439] - net_version
[2022/03/26 21:42:28.444] - eth_accounts
[2022/03/26 21:42:28.458] - eth_getBalance
[2022/03/26 21:42:28.459] - eth_getBalance
[2022/03/26 21:42:28.462] - eth_getBalance
[2022/03/26 21:42:28.464] - eth_getBalance
[2022/03/26 21:42:28.465] - eth_getBalance
[2022/03/26 21:42:28.467] - eth_getBalance
[2022/03/26 21:42:28.469] - eth_getBalance
[2022/03/26 21:42:28.469] - eth_getBalance
[2022/03/26 21:42:28.470] - eth_getBalance
[2022/03/26 21:42:28.472] - eth_getBalance
[2022/03/26 21:42:29.452] - net_version
[2022/03/26 21:42:29.457] - eth_accounts
[2022/03/26 21:42:29.472] - eth_getBalance
[2022/03/26 21:42:29.476] - eth_getBalance
[2022/03/26 21:42:29.477] - eth_getBalance
[2022/03/26 21:42:29.479] - eth_getBalance
[2022/03/26 21:42:29.481] - eth_getBalance
[2022/03/26 21:42:29.482] - eth_getBalance
[2022/03/26 21:42:29.484] - eth_getBalance
[2022/03/26 21:42:29.486] - eth_getBalance
[2022/03/26 21:42:29.488] - eth_getBalance
[2022/03/26 21:42:29.489] - eth_getBalance
[2022/03/26 21:42:30.465] - net_version
[2022/03/26 21:42:30.471] - eth_accounts
[2022/03/26 21:42:30.484] - eth_getBalance
[2022/03/26 21:42:30.487] - eth_getBalance
[2022/03/26 21:42:30.489] - eth_getBalance
[2022/03/26 21:42:30.491] - eth_getBalance
[2022/03/26 21:42:30.493] - eth_getBalance
[2022/03/26 21:42:30.494] - eth_getBalance
[2022/03/26 21:42:30.495] - eth_getBalance
[2022/03/26 21:42:30.496] - eth_getBalance
[2022/03/26 21:42:30.498] - eth_getBalance
[2022/03/26 21:42:30.499] - eth_getBalance
[2022/03/26 21:42:31.479] - net_version
[2022/03/26 21:42:31.484] - eth_accounts
[2022/03/26 21:42:31.500] - eth_getBalance
[2022/03/26 21:42:31.503] - eth_getBalance
[2022/03/26 21:42:31.504] - eth_getBalance
[2022/03/26 21:42:31.506] - eth_getBalance
[2022/03/26 21:42:31.511] - eth_getBalance
[2022/03/26 21:42:31.512] - eth_getBalance
[2022/03/26 21:42:31.519] - eth_getBalance
[2022/03/26 21:42:31.521] - eth_getBalance
[2022/03/26 21:42:31.525] - eth_getBalance
[2022/03/26 21:42:31.528] - eth_getBalance
[2022/03/26 21:42:32.492] - net_version
[2022/03/26 21:42:32.497] - eth_accounts
[2022/03/26 21:42:32.513] - eth_getBalance
[2022/03/26 21:42:32.515] - eth_getBalance
[2022/03/26 21:42:32.518] - eth_getBalance
[2022/03/26 21:42:32.519] - eth_getBalance
[2022/03/26 21:42:32.521] - eth_getBalance
[2022/03/26 21:42:32.522] - eth_getBalance
[2022/03/26 21:42:32.523] - eth_getBalance
[2022/03/26 21:42:32.524] - eth_getBalance
[2022/03/26 21:42:32.525] - eth_getBalance
[2022/03/26 21:42:32.526] - eth_getBalance
[2022/03/26 21:42:33.506] - net_version
[2022/03/26 21:42:33.511] - eth_accounts
[2022/03/26 21:42:33.525] - eth_getBalance
[2022/03/26 21:42:33.529] - eth_getBalance
[2022/03/26 21:42:33.530] - eth_getBalance
[2022/03/26 21:42:33.532] - eth_getBalance
[2022/03/26 21:42:33.534] - eth_getBalance
[2022/03/26 21:42:33.536] - eth_getBalance
[2022/03/26 21:42:33.536] - eth_getBalance
[2022/03/26 21:42:33.538] - eth_getBalance
[2022/03/26 21:42:33.539] - eth_getBalance
[2022/03/26 21:42:33.540] - eth_getBalance
[2022/03/26 21:42:34.517] - net_version
[2022/03/26 21:42:34.527] - eth_accounts
[2022/03/26 21:42:34.539] - eth_getBalance
[2022/03/26 21:42:34.543] - eth_getBalance
[2022/03/26 21:42:34.545] - eth_getBalance
[2022/03/26 21:42:34.546] - eth_getBalance
[2022/03/26 21:42:34.548] - eth_getBalance
[2022/03/26 21:42:34.550] - eth_getBalance
[2022/03/26 21:42:34.552] - eth_getBalance
[2022/03/26 21:42:34.553] - eth_getBalance
[2022/03/26 21:42:34.555] - eth_getBalance
[2022/03/26 21:42:34.556] - eth_getBalance
[2022/03/26 21:42:34.753] - eth_blockNumber
[2022/03/26 21:42:35.528] - net_version
[2022/03/26 21:42:35.533] - eth_accounts
[2022/03/26 21:42:35.545] - eth_getBalance
[2022/03/26 21:42:35.546] - eth_getBalance
[2022/03/26 21:42:35.548] - eth_getBalance
[2022/03/26 21:42:35.551] - eth_getBalance
[2022/03/26 21:42:35.552] - eth_getBalance
[2022/03/26 21:42:35.554] - eth_getBalance
[2022/03/26 21:42:35.555] - eth_getBalance
[2022/03/26 21:42:35.557] - eth_getBalance
[2022/03/26 21:42:35.558] - eth_getBalance
[2022/03/26 21:42:35.559] - eth_getBalance
[2022/03/26 21:42:36.540] - net_version
[2022/03/26 21:42:36.545] - eth_accounts
[2022/03/26 21:42:36.565] - eth_getBalance
[2022/03/26 21:42:36.570] - eth_getBalance
[2022/03/26 21:42:36.571] - eth_getBalance
[2022/03/26 21:42:36.576] - eth_getBalance
[2022/03/26 21:42:36.580] - eth_getBalance
[2022/03/26 21:42:36.582] - eth_getBalance
[2022/03/26 21:42:36.590] - eth_getBalance
[2022/03/26 21:42:36.594] - eth_getBalance
[2022/03/26 21:42:36.595] - eth_getBalance
[2022/03/26 21:42:36.597] - eth_getBalance
[2022/03/26 21:42:38.438] - net_version
[2022/03/26 21:42:38.445] - eth_accounts
[2022/03/26 21:42:38.462] - eth_getBalance
[2022/03/26 21:42:38.465] - eth_getBalance
[2022/03/26 21:42:38.468] - eth_getBalance
[2022/03/26 21:42:38.470] - eth_getBalance
[2022/03/26 21:42:38.475] - eth_getBalance
[2022/03/26 21:42:38.476] - eth_getBalance
[2022/03/26 21:42:38.478] - eth_getBalance
[2022/03/26 21:42:38.479] - eth_getBalance
[2022/03/26 21:42:38.480] - eth_getBalance
[2022/03/26 21:42:38.482] - eth_getBalance
[2022/03/26 21:42:39.447] - net_version
[2022/03/26 21:42:39.457] - eth_accounts
[2022/03/26 21:42:39.474] - eth_getBalance
[2022/03/26 21:42:39.477] - eth_getBalance
[2022/03/26 21:42:39.479] - eth_getBalance
[2022/03/26 21:42:39.481] - eth_getBalance
[2022/03/26 21:42:39.484] - eth_getBalance
[2022/03/26 21:42:39.486] - eth_getBalance
[2022/03/26 21:42:39.495] - eth_getBalance
[2022/03/26 21:42:39.497] - eth_getBalance
[2022/03/26 21:42:39.499] - eth_getBalance
[2022/03/26 21:42:39.501] - eth_getBalance
[2022/03/26 21:42:40.461] - eth_getBlockByNumber
[2022/03/26 21:42:40.462] - net_version
[2022/03/26 21:42:40.468] - eth_accounts
[2022/03/26 21:42:40.478] - net_version
[2022/03/26 21:42:40.496] - eth_getBalance
[2022/03/26 21:42:40.497] - eth_getBalance
[2022/03/26 21:42:40.500] - eth_getBalance
[2022/03/26 21:42:40.503] - eth_getBalance
[2022/03/26 21:42:40.510] - eth_getBalance
[2022/03/26 21:42:40.511] - eth_getBalance
[2022/03/26 21:42:40.513] - eth_getBalance
[2022/03/26 21:42:40.520] - eth_getBalance
[2022/03/26 21:42:40.525] - eth_getBalance
[2022/03/26 21:42:40.526] - eth_getBalance
[2022/03/26 21:42:41.477] - net_version
[2022/03/26 21:42:41.490] - eth_accounts
[2022/03/26 21:42:41.516] - eth_getBalance
[2022/03/26 21:42:41.520] - eth_getBalance
[2022/03/26 21:42:41.523] - eth_getBalance
[2022/03/26 21:42:41.527] - eth_getBalance
[2022/03/26 21:42:41.531] - eth_getBalance
[2022/03/26 21:42:41.532] - eth_getBalance
[2022/03/26 21:42:41.534] - eth_getBalance
[2022/03/26 21:42:41.536] - eth_getBalance
[2022/03/26 21:42:41.539] - eth_getBalance
[2022/03/26 21:42:41.543] - eth_getBalance
[2022/03/26 21:42:42.484] - net_version
[2022/03/26 21:42:42.492] - eth_accounts
[2022/03/26 21:42:42.510] - eth_getBalance
[2022/03/26 21:42:42.513] - eth_getBalance
[2022/03/26 21:42:42.515] - eth_getBalance
[2022/03/26 21:42:42.516] - eth_getBalance
[2022/03/26 21:42:42.517] - eth_getBalance
[2022/03/26 21:42:42.525] - eth_getBalance
[2022/03/26 21:42:42.528] - eth_getBalance
[2022/03/26 21:42:42.529] - eth_getBalance
[2022/03/26 21:42:42.531] - eth_getBalance
[2022/03/26 21:42:42.532] - eth_getBalance
[2022/03/26 21:42:43.496] - net_version
[2022/03/26 21:42:43.507] - eth_accounts
[2022/03/26 21:42:43.523] - eth_getBalance
[2022/03/26 21:42:43.525] - eth_getBalance
[2022/03/26 21:42:43.529] - eth_getBalance
[2022/03/26 21:42:43.532] - eth_getBalance
[2022/03/26 21:42:43.536] - eth_getBalance
[2022/03/26 21:42:43.538] - eth_getBalance
[2022/03/26 21:42:43.547] - eth_getBalance
[2022/03/26 21:42:43.548] - eth_getBalance
[2022/03/26 21:42:43.550] - eth_getBalance
[2022/03/26 21:42:43.551] - eth_getBalance
[2022/03/26 21:42:44.497] - net_version
[2022/03/26 21:42:45.517] - eth_accounts
[2022/03/26 21:42:45.532] - eth_getBalance
[2022/03/26 21:42:45.534] - eth_getBalance
[2022/03/26 21:42:45.535] - eth_getBalance
[2022/03/26 21:42:45.539] - eth_getBalance
[2022/03/26 21:42:45.540] - eth_getBalance
[2022/03/26 21:42:45.543] - eth_getBalance
[2022/03/26 21:42:45.544] - eth_getBalance
[2022/03/26 21:42:45.545] - eth_getBalance
[2022/03/26 21:42:45.547] - eth_getBalance
[2022/03/26 21:42:45.548] - eth_getBalance
[2022/03/26 21:42:46.525] - net_version
[2022/03/26 21:42:46.530] - eth_accounts
[2022/03/26 21:42:46.549] - eth_getBalance
[2022/03/26 21:42:46.551] - eth_getBalance
[2022/03/26 21:42:46.556] - eth_getBalance
[2022/03/26 21:42:46.558] - eth_getBalance
[2022/03/26 21:42:46.560] - eth_getBalance
[2022/03/26 21:42:46.563] - eth_getBalance
[2022/03/26 21:42:46.564] - eth_getBalance
[2022/03/26 21:42:46.566] - eth_getBalance
[2022/03/26 21:42:46.566] - eth_getBalance
[2022/03/26 21:42:46.569] - eth_getBalance
[2022/03/26 21:42:48.463] - net_version
[2022/03/26 21:42:48.468] - eth_accounts
[2022/03/26 21:42:48.489] - eth_getBalance
[2022/03/26 21:42:48.494] - eth_getBalance
[2022/03/26 21:42:48.495] - eth_getBalance
[2022/03/26 21:42:48.496] - eth_getBalance
[2022/03/26 21:42:48.498] - eth_getBalance
[2022/03/26 21:42:48.501] - eth_getBalance
[2022/03/26 21:42:48.503] - eth_getBalance
[2022/03/26 21:42:48.506] - eth_getBalance
[2022/03/26 21:42:48.508] - eth_getBalance
[2022/03/26 21:42:48.509] - eth_getBalance
[2022/03/26 21:42:49.466] - net_version
[2022/03/26 21:42:49.470] - eth_accounts
[2022/03/26 21:42:49.499] - eth_getBalance
[2022/03/26 21:42:49.501] - eth_getBalance
[2022/03/26 21:42:49.508] - eth_getBalance
[2022/03/26 21:42:49.509] - eth_getBalance
[2022/03/26 21:42:49.515] - eth_getBalance
[2022/03/26 21:42:49.516] - eth_getBalance
[2022/03/26 21:42:49.529] - eth_getBalance
[2022/03/26 21:42:49.554] - eth_getBalance
[2022/03/26 21:42:49.556] - eth_getBalance
[2022/03/26 21:42:49.557] - eth_getBalance
[2022/03/26 21:42:50.867] - net_version
[2022/03/26 21:42:50.872] - eth_accounts
[2022/03/26 21:42:50.889] - eth_getBalance
[2022/03/26 21:42:50.890] - eth_getBalance
[2022/03/26 21:42:50.893] - eth_getBalance
[2022/03/26 21:42:50.897] - eth_getBalance
[2022/03/26 21:42:50.898] - eth_getBalance
[2022/03/26 21:42:50.899] - eth_getBalance
[2022/03/26 21:42:50.901] - eth_getBalance
[2022/03/26 21:42:50.902] - eth_getBalance
[2022/03/26 21:42:50.903] - eth_getBalance
[2022/03/26 21:42:50.905] - eth_getBalance
[2022/03/26 21:42:51.870] - net_version
[2022/03/26 21:42:51.877] - eth_accounts
[2022/03/26 21:42:51.893] - eth_getBalance
[2022/03/26 21:42:51.896] - eth_getBalance
[2022/03/26 21:42:51.899] - eth_getBalance
[2022/03/26 21:42:51.902] - eth_getBalance
[2022/03/26 21:42:51.903] - eth_getBalance
[2022/03/26 21:42:51.906] - eth_getBalance
[2022/03/26 21:42:51.907] - eth_getBalance
[2022/03/26 21:42:51.908] - eth_getBalance
[2022/03/26 21:42:51.909] - eth_getBalance
[2022/03/26 21:42:51.911] - eth_getBalance
[2022/03/26 21:42:52.881] - net_version
[2022/03/26 21:42:52.887] - eth_accounts
[2022/03/26 21:42:52.911] - eth_getBalance
[2022/03/26 21:42:52.913] - eth_getBalance
[2022/03/26 21:42:52.916] - eth_getBalance
[2022/03/26 21:42:52.920] - eth_getBalance
[2022/03/26 21:42:52.923] - eth_getBalance
[2022/03/26 21:42:52.924] - eth_getBalance
[2022/03/26 21:42:52.925] - eth_getBalance
[2022/03/26 21:42:52.927] - eth_getBalance
[2022/03/26 21:42:52.928] - eth_getBalance
[2022/03/26 21:42:52.929] - eth_getBalance
[2022/03/26 21:42:53.889] - net_version
[2022/03/26 21:42:53.894] - eth_accounts
[2022/03/26 21:42:53.909] - eth_getBalance
[2022/03/26 21:42:53.911] - eth_getBalance
[2022/03/26 21:42:53.914] - eth_getBalance
[2022/03/26 21:42:53.915] - eth_getBalance
[2022/03/26 21:42:53.917] - eth_getBalance
[2022/03/26 21:42:53.919] - eth_getBalance
[2022/03/26 21:42:53.920] - eth_getBalance
[2022/03/26 21:42:53.921] - eth_getBalance
[2022/03/26 21:42:53.923] - eth_getBalance
[2022/03/26 21:42:53.924] - eth_getBalance
[2022/03/26 21:42:54.939] - eth_blockNumber
[2022/03/26 21:42:54.940] - net_version
[2022/03/26 21:42:54.940] - eth_accounts
[2022/03/26 21:42:54.993] - eth_getBalance
[2022/03/26 21:42:54.999] - eth_getBalance
[2022/03/26 21:42:55.000] - eth_getBalance
[2022/03/26 21:42:55.001] - eth_getBalance
[2022/03/26 21:42:55.002] - eth_getBalance
[2022/03/26 21:42:55.004] - eth_getBalance
[2022/03/26 21:42:55.006] - eth_getBalance
[2022/03/26 21:42:55.007] - eth_getBalance
[2022/03/26 21:42:55.011] - eth_getBalance
[2022/03/26 21:42:55.012] - eth_getBalance
[2022/03/26 21:42:55.907] - eth_getBlockByNumber
[2022/03/26 21:42:55.908] - net_version
[2022/03/26 21:42:55.914] - eth_accounts
[2022/03/26 21:42:55.918] - net_version
[2022/03/26 21:42:55.930] - eth_getBalance
[2022/03/26 21:42:55.931] - eth_getBalance
[2022/03/26 21:42:55.935] - eth_getBalance
[2022/03/26 21:42:55.936] - eth_getBalance
[2022/03/26 21:42:55.938] - eth_getBalance
[2022/03/26 21:42:55.940] - eth_getBalance
[2022/03/26 21:42:55.942] - eth_getBalance
[2022/03/26 21:42:55.944] - eth_getBalance
[2022/03/26 21:42:55.945] - eth_getBalance
[2022/03/26 21:42:55.947] - eth_getBalance
[2022/03/26 21:42:56.920] - net_version
[2022/03/26 21:42:56.929] - eth_accounts
[2022/03/26 21:42:56.946] - eth_getBalance
[2022/03/26 21:42:56.947] - eth_getBalance
[2022/03/26 21:42:56.949] - eth_getBalance
[2022/03/26 21:42:56.951] - eth_getBalance
[2022/03/26 21:42:56.955] - eth_getBalance
[2022/03/26 21:42:56.956] - eth_getBalance
[2022/03/26 21:42:56.957] - eth_getBalance
[2022/03/26 21:42:56.959] - eth_getBalance
[2022/03/26 21:42:56.960] - eth_getBalance
[2022/03/26 21:42:56.961] - eth_getBalance
[2022/03/26 21:42:58.473] - net_version
[2022/03/26 21:42:58.478] - eth_accounts
[2022/03/26 21:42:58.494] - eth_getBalance
[2022/03/26 21:42:58.498] - eth_getBalance
[2022/03/26 21:42:58.500] - eth_getBalance
[2022/03/26 21:42:58.502] - eth_getBalance
[2022/03/26 21:42:58.504] - eth_getBalance
[2022/03/26 21:42:58.506] - eth_getBalance
[2022/03/26 21:42:58.508] - eth_getBalance
[2022/03/26 21:42:58.509] - eth_getBalance
[2022/03/26 21:42:58.511] - eth_getBalance
[2022/03/26 21:42:58.512] - eth_getBalance
[2022/03/26 21:42:59.484] - net_version
[2022/03/26 21:42:59.490] - eth_accounts
[2022/03/26 21:42:59.503] - eth_getBalance
[2022/03/26 21:42:59.505] - eth_getBalance
[2022/03/26 21:42:59.509] - eth_getBalance
[2022/03/26 21:42:59.510] - eth_getBalance
[2022/03/26 21:42:59.511] - eth_getBalance
[2022/03/26 21:42:59.513] - eth_getBalance
[2022/03/26 21:42:59.514] - eth_getBalance
[2022/03/26 21:42:59.516] - eth_getBalance
[2022/03/26 21:42:59.517] - eth_getBalance
[2022/03/26 21:42:59.518] - eth_getBalance
[2022/03/26 21:43:00.498] - net_version
[2022/03/26 21:43:00.503] - eth_accounts
[2022/03/26 21:43:00.518] - eth_getBalance
[2022/03/26 21:43:00.519] - eth_getBalance
[2022/03/26 21:43:00.522] - eth_getBalance
[2022/03/26 21:43:00.525] - eth_getBalance
[2022/03/26 21:43:00.526] - eth_getBalance
[2022/03/26 21:43:00.528] - eth_getBalance
[2022/03/26 21:43:00.529] - eth_getBalance
[2022/03/26 21:43:00.530] - eth_getBalance
[2022/03/26 21:43:00.532] - eth_getBalance
[2022/03/26 21:43:00.533] - eth_getBalance
[2022/03/26 21:43:01.511] - net_version
[2022/03/26 21:43:01.517] - eth_accounts
[2022/03/26 21:43:01.534] - eth_getBalance
[2022/03/26 21:43:01.536] - eth_getBalance
[2022/03/26 21:43:01.537] - eth_getBalance
[2022/03/26 21:43:01.539] - eth_getBalance
[2022/03/26 21:43:01.540] - eth_getBalance
[2022/03/26 21:43:01.542] - eth_getBalance
[2022/03/26 21:43:01.544] - eth_getBalance
[2022/03/26 21:43:01.545] - eth_getBalance
[2022/03/26 21:43:01.546] - eth_getBalance
[2022/03/26 21:43:01.548] - eth_getBalance
[2022/03/26 21:43:02.525] - net_version
[2022/03/26 21:43:02.529] - eth_accounts
[2022/03/26 21:43:02.544] - eth_getBalance
[2022/03/26 21:43:02.545] - eth_getBalance
[2022/03/26 21:43:02.548] - eth_getBalance
[2022/03/26 21:43:02.550] - eth_getBalance
[2022/03/26 21:43:02.552] - eth_getBalance
[2022/03/26 21:43:02.554] - eth_getBalance
[2022/03/26 21:43:02.556] - eth_getBalance
[2022/03/26 21:43:02.556] - eth_getBalance
[2022/03/26 21:43:02.558] - eth_getBalance
[2022/03/26 21:43:02.560] - eth_getBalance
[2022/03/26 21:43:03.436] - eth_getBlockByNumber
[2022/03/26 21:43:03.524] - eth_getTransactionReceipt
[2022/03/26 21:43:03.540] - net_version
[2022/03/26 21:43:03.544] - eth_accounts
[2022/03/26 21:43:03.554] - eth_getBalance
[2022/03/26 21:43:03.558] - eth_getBalance
[2022/03/26 21:43:03.562] - eth_getBalance
[2022/03/26 21:43:03.563] - eth_getBalance
[2022/03/26 21:43:03.564] - eth_getBalance
[2022/03/26 21:43:03.566] - eth_getBalance
[2022/03/26 21:43:03.567] - eth_getBalance
[2022/03/26 21:43:03.568] - eth_getBalance
[2022/03/26 21:43:03.569] - eth_getBalance
[2022/03/26 21:43:03.571] - eth_getBalance
[2022/03/26 21:43:03.615] - eth_getBlockByNumber
[2022/03/26 21:43:03.821] - eth_getTransactionReceipt
[2022/03/26 21:43:03.883] - eth_getBlockByNumber
[2022/03/26 21:43:03.932] - eth_getTransactionReceipt
[2022/03/26 21:43:04.013] - eth_getBlockByNumber
[2022/03/26 21:43:04.060] - eth_getTransactionReceipt
[2022/03/26 21:43:04.122] - eth_getBlockByNumber
[2022/03/26 21:43:04.165] - eth_getTransactionReceipt
[2022/03/26 21:43:04.224] - eth_getBlockByNumber
[2022/03/26 21:43:04.277] - eth_getTransactionReceipt
[2022/03/26 21:43:04.349] - eth_getBlockByNumber
[2022/03/26 21:43:04.412] - eth_getTransactionReceipt
[2022/03/26 21:43:04.476] - eth_getBlockByNumber
[2022/03/26 21:43:04.527] - eth_getTransactionReceipt
[2022/03/26 21:43:04.547] - net_version
[2022/03/26 21:43:04.552] - eth_accounts
[2022/03/26 21:43:04.569] - eth_getBalance
[2022/03/26 21:43:04.570] - eth_getBalance
[2022/03/26 21:43:04.574] - eth_getBalance
[2022/03/26 21:43:04.577] - eth_getBalance
[2022/03/26 21:43:04.578] - eth_getBalance
[2022/03/26 21:43:04.580] - eth_getBalance
[2022/03/26 21:43:04.581] - eth_getBalance
[2022/03/26 21:43:04.582] - eth_getBalance
[2022/03/26 21:43:04.584] - eth_getBalance
[2022/03/26 21:43:04.585] - eth_getBalance
[2022/03/26 21:43:04.604] - eth_getBlockByNumber
[2022/03/26 21:43:04.823] - eth_getTransactionReceipt
[2022/03/26 21:43:04.888] - eth_getBlockByNumber
[2022/03/26 21:43:04.945] - eth_getTransactionReceipt
[2022/03/26 21:43:05.014] - eth_getBlockByNumber
[2022/03/26 21:43:05.106] - eth_getTransactionReceipt
[2022/03/26 21:43:05.565] - net_version
[2022/03/26 21:43:05.570] - eth_accounts
[2022/03/26 21:43:05.584] - eth_getBalance
[2022/03/26 21:43:05.586] - eth_getBalance
[2022/03/26 21:43:05.588] - eth_getBalance
[2022/03/26 21:43:05.591] - eth_getBalance
[2022/03/26 21:43:05.592] - eth_getBalance
[2022/03/26 21:43:05.593] - eth_getBalance
[2022/03/26 21:43:05.595] - eth_getBalance
[2022/03/26 21:43:05.596] - eth_getBalance
[2022/03/26 21:43:05.598] - eth_getBalance
[2022/03/26 21:43:05.599] - eth_getBalance
[2022/03/26 21:43:06.574] - net_version
[2022/03/26 21:43:06.578] - eth_accounts
[2022/03/26 21:43:06.593] - eth_getBalance
[2022/03/26 21:43:06.597] - eth_getBalance
[2022/03/26 21:43:06.599] - eth_getBalance
[2022/03/26 21:43:06.602] - eth_getBalance
[2022/03/26 21:43:06.603] - eth_getBalance
[2022/03/26 21:43:06.604] - eth_getBalance
[2022/03/26 21:43:06.606] - eth_getBalance
[2022/03/26 21:43:06.607] - eth_getBalance
[2022/03/26 21:43:06.608] - eth_getBalance
[2022/03/26 21:43:06.609] - eth_getBalance
[2022/03/26 21:43:08.491] - net_version
[2022/03/26 21:43:08.496] - eth_accounts
[2022/03/26 21:43:08.512] - eth_getBalance
[2022/03/26 21:43:08.513] - eth_getBalance
[2022/03/26 21:43:08.516] - eth_getBalance
[2022/03/26 21:43:08.518] - eth_getBalance
[2022/03/26 21:43:08.520] - eth_getBalance
[2022/03/26 21:43:08.522] - eth_getBalance
[2022/03/26 21:43:08.524] - eth_getBalance
[2022/03/26 21:43:08.525] - eth_getBalance
[2022/03/26 21:43:08.526] - eth_getBalance
[2022/03/26 21:43:08.527] - eth_getBalance
[2022/03/26 21:43:09.504] - net_version
[2022/03/26 21:43:09.510] - eth_accounts
[2022/03/26 21:43:09.523] - eth_getBalance
[2022/03/26 21:43:09.527] - eth_getBalance
[2022/03/26 21:43:09.528] - eth_getBalance
[2022/03/26 21:43:09.530] - eth_getBalance
[2022/03/26 21:43:09.532] - eth_getBalance
[2022/03/26 21:43:09.535] - eth_getBalance
[2022/03/26 21:43:09.536] - eth_getBalance
[2022/03/26 21:43:09.537] - eth_getBalance
[2022/03/26 21:43:09.539] - eth_getBalance
[2022/03/26 21:43:09.540] - eth_getBalance
[2022/03/26 21:43:10.516] - net_version
[2022/03/26 21:43:10.522] - eth_accounts
[2022/03/26 21:43:10.538] - eth_getBalance
[2022/03/26 21:43:10.541] - eth_getBalance
[2022/03/26 21:43:10.544] - eth_getBalance
[2022/03/26 21:43:10.547] - eth_getBalance
[2022/03/26 21:43:10.548] - eth_getBalance
[2022/03/26 21:43:10.550] - eth_getBalance
[2022/03/26 21:43:10.551] - eth_getBalance
[2022/03/26 21:43:10.552] - eth_getBalance
[2022/03/26 21:43:10.555] - eth_getBalance
[2022/03/26 21:43:10.556] - eth_getBalance
[2022/03/26 21:43:11.524] - eth_getBlockByNumber
[2022/03/26 21:43:11.525] - net_version
[2022/03/26 21:43:11.530] - eth_accounts
[2022/03/26 21:43:11.535] - net_version
[2022/03/26 21:43:11.551] - eth_getBalance
[2022/03/26 21:43:11.552] - eth_getBalance
[2022/03/26 21:43:11.555] - eth_getBalance
[2022/03/26 21:43:11.559] - eth_getBalance
[2022/03/26 21:43:11.560] - eth_getBalance
[2022/03/26 21:43:11.562] - eth_getBalance
[2022/03/26 21:43:11.563] - eth_getBalance
[2022/03/26 21:43:11.564] - eth_getBalance
[2022/03/26 21:43:11.566] - eth_getBalance
[2022/03/26 21:43:11.567] - eth_getBalance
[2022/03/26 21:43:12.533] - net_version
[2022/03/26 21:43:12.538] - eth_accounts
[2022/03/26 21:43:12.555] - eth_getBalance
[2022/03/26 21:43:12.559] - eth_getBalance
[2022/03/26 21:43:12.560] - eth_getBalance
[2022/03/26 21:43:12.562] - eth_getBalance
[2022/03/26 21:43:12.564] - eth_getBalance
[2022/03/26 21:43:12.566] - eth_getBalance
[2022/03/26 21:43:12.567] - eth_getBalance
[2022/03/26 21:43:12.568] - eth_getBalance
[2022/03/26 21:43:12.570] - eth_getBalance
[2022/03/26 21:43:12.571] - eth_getBalance
[2022/03/26 21:43:13.545] - net_version
[2022/03/26 21:43:14.565] - eth_accounts
[2022/03/26 21:43:14.581] - eth_getBalance
[2022/03/26 21:43:14.584] - eth_getBalance
[2022/03/26 21:43:14.585] - eth_getBalance
[2022/03/26 21:43:14.589] - eth_getBalance
[2022/03/26 21:43:14.590] - eth_getBalance
[2022/03/26 21:43:14.592] - eth_getBalance
[2022/03/26 21:43:14.594] - eth_getBalance
[2022/03/26 21:43:14.595] - eth_getBalance
[2022/03/26 21:43:14.596] - eth_getBalance
[2022/03/26 21:43:14.599] - eth_getBalance
[2022/03/26 21:43:14.951] - eth_blockNumber
[2022/03/26 21:43:15.572] - net_version
[2022/03/26 21:43:15.580] - eth_accounts
[2022/03/26 21:43:15.597] - eth_getBalance
[2022/03/26 21:43:15.600] - eth_getBalance
[2022/03/26 21:43:15.601] - eth_getBalance
[2022/03/26 21:43:15.603] - eth_getBalance
[2022/03/26 21:43:15.607] - eth_getBalance
[2022/03/26 21:43:15.608] - eth_getBalance
[2022/03/26 21:43:15.610] - eth_getBalance
[2022/03/26 21:43:15.612] - eth_getBalance
[2022/03/26 21:43:15.618] - eth_getBalance
[2022/03/26 21:43:15.621] - eth_getBalance
[2022/03/26 21:43:16.587] - net_version
[2022/03/26 21:43:16.594] - eth_accounts
[2022/03/26 21:43:16.609] - eth_getBalance
[2022/03/26 21:43:16.611] - eth_getBalance
[2022/03/26 21:43:16.615] - eth_getBalance
[2022/03/26 21:43:16.622] - eth_getBalance
[2022/03/26 21:43:16.623] - eth_getBalance
[2022/03/26 21:43:16.624] - eth_getBalance
[2022/03/26 21:43:16.625] - eth_getBalance
[2022/03/26 21:43:16.626] - eth_getBalance
[2022/03/26 21:43:16.627] - eth_getBalance
[2022/03/26 21:43:16.629] - eth_getBalance
[2022/03/26 21:43:18.484] - net_version
[2022/03/26 21:43:19.511] - eth_accounts
[2022/03/26 21:43:19.526] - eth_getBalance
[2022/03/26 21:43:19.530] - eth_getBalance
[2022/03/26 21:43:19.531] - eth_getBalance
[2022/03/26 21:43:19.533] - eth_getBalance
[2022/03/26 21:43:19.537] - eth_getBalance
[2022/03/26 21:43:19.544] - eth_getBalance
[2022/03/26 21:43:19.545] - eth_getBalance
[2022/03/26 21:43:19.546] - eth_getBalance
[2022/03/26 21:43:19.548] - eth_getBalance
[2022/03/26 21:43:19.549] - eth_getBalance
[2022/03/26 21:43:20.515] - net_version
[2022/03/26 21:43:20.525] - eth_accounts
[2022/03/26 21:43:20.544] - eth_getBalance
[2022/03/26 21:43:20.547] - eth_getBalance
[2022/03/26 21:43:20.548] - eth_getBalance
[2022/03/26 21:43:20.550] - eth_getBalance
[2022/03/26 21:43:20.554] - eth_getBalance
[2022/03/26 21:43:20.559] - eth_getBalance
[2022/03/26 21:43:20.565] - eth_getBalance
[2022/03/26 21:43:20.568] - eth_getBalance
[2022/03/26 21:43:20.569] - eth_getBalance
[2022/03/26 21:43:20.572] - eth_getBalance
[2022/03/26 21:43:21.530] - net_version
[2022/03/26 21:43:21.544] - eth_accounts
[2022/03/26 21:43:21.574] - eth_getBalance
[2022/03/26 21:43:21.577] - eth_getBalance
[2022/03/26 21:43:21.581] - eth_getBalance
[2022/03/26 21:43:21.585] - eth_getBalance
[2022/03/26 21:43:21.586] - eth_getBalance
[2022/03/26 21:43:21.587] - eth_getBalance
[2022/03/26 21:43:21.592] - eth_getBalance
[2022/03/26 21:43:21.593] - eth_getBalance
[2022/03/26 21:43:21.595] - eth_getBalance
[2022/03/26 21:43:21.602] - eth_getBalance
[2022/03/26 21:43:22.539] - net_version
[2022/03/26 21:43:23.559] - eth_accounts
[2022/03/26 21:43:23.590] - eth_getBalance
[2022/03/26 21:43:23.591] - eth_getBalance
[2022/03/26 21:43:23.595] - eth_getBalance
[2022/03/26 21:43:23.599] - eth_getBalance
[2022/03/26 21:43:23.600] - eth_getBalance
[2022/03/26 21:43:23.602] - eth_getBalance
[2022/03/26 21:43:23.604] - eth_getBalance
[2022/03/26 21:43:23.609] - eth_getBalance
[2022/03/26 21:43:23.610] - eth_getBalance
[2022/03/26 21:43:23.612] - eth_getBalance
[2022/03/26 21:43:24.572] - net_version
[2022/03/26 21:43:24.582] - eth_accounts
[2022/03/26 21:43:24.596] - eth_getBalance
[2022/03/26 21:43:24.600] - eth_getBalance
[2022/03/26 21:43:24.601] - eth_getBalance
[2022/03/26 21:43:24.603] - eth_getBalance
[2022/03/26 21:43:24.605] - eth_getBalance
[2022/03/26 21:43:24.607] - eth_getBalance
[2022/03/26 21:43:24.611] - eth_getBalance
[2022/03/26 21:43:24.612] - eth_getBalance
[2022/03/26 21:43:24.614] - eth_getBalance
[2022/03/26 21:43:24.616] - eth_getBalance
[2022/03/26 21:43:25.585] - net_version
[2022/03/26 21:43:25.591] - eth_accounts
[2022/03/26 21:43:25.616] - eth_getBalance
[2022/03/26 21:43:25.620] - eth_getBalance
[2022/03/26 21:43:25.621] - eth_getBalance
[2022/03/26 21:43:25.626] - eth_getBalance
[2022/03/26 21:43:25.626] - eth_getBalance
[2022/03/26 21:43:25.630] - eth_getBalance
[2022/03/26 21:43:25.631] - eth_getBalance
[2022/03/26 21:43:25.633] - eth_getBalance
[2022/03/26 21:43:25.634] - eth_getBalance
[2022/03/26 21:43:25.636] - eth_getBalance
[2022/03/26 21:43:26.599] - eth_getBlockByNumber
[2022/03/26 21:43:26.599] - net_version
[2022/03/26 21:43:26.608] - net_version
[2022/03/26 21:43:27.623] - eth_accounts
[2022/03/26 21:43:27.649] - eth_getBalance
[2022/03/26 21:43:27.653] - eth_getBalance
[2022/03/26 21:43:27.659] - eth_getBalance
[2022/03/26 21:43:27.665] - eth_getBalance
[2022/03/26 21:43:27.666] - eth_getBalance
[2022/03/26 21:43:27.674] - eth_getBalance
[2022/03/26 21:43:27.675] - eth_getBalance
[2022/03/26 21:43:27.676] - eth_getBalance
[2022/03/26 21:43:27.677] - eth_getBalance
[2022/03/26 21:43:27.679] - eth_getBalance
[2022/03/26 21:43:28.627] - net_version
[2022/03/26 21:43:28.635] - eth_accounts
[2022/03/26 21:43:28.663] - eth_getBalance
[2022/03/26 21:43:28.666] - eth_getBalance
[2022/03/26 21:43:28.669] - eth_getBalance
[2022/03/26 21:43:28.670] - eth_getBalance
[2022/03/26 21:43:28.673] - eth_getBalance
[2022/03/26 21:43:28.675] - eth_getBalance
[2022/03/26 21:43:28.681] - eth_getBalance
[2022/03/26 21:43:28.682] - eth_getBalance
[2022/03/26 21:43:28.685] - eth_getBalance
[2022/03/26 21:43:28.687] - eth_getBalance
[2022/03/26 21:43:29.642] - net_version
[2022/03/26 21:43:29.652] - eth_accounts
[2022/03/26 21:43:29.676] - eth_getBalance
[2022/03/26 21:43:29.679] - eth_getBalance
[2022/03/26 21:43:29.682] - eth_getBalance
[2022/03/26 21:43:29.683] - eth_getBalance
[2022/03/26 21:43:29.687] - eth_getBalance
[2022/03/26 21:43:29.690] - eth_getBalance
[2022/03/26 21:43:29.694] - eth_getBalance
[2022/03/26 21:43:29.695] - eth_getBalance
[2022/03/26 21:43:29.698] - eth_getBalance
[2022/03/26 21:43:29.699] - eth_getBalance
[2022/03/26 21:43:30.662] - net_version
[2022/03/26 21:43:31.690] - eth_accounts
[2022/03/26 21:43:31.704] - eth_getBalance
[2022/03/26 21:43:31.707] - eth_getBalance
[2022/03/26 21:43:31.709] - eth_getBalance
[2022/03/26 21:43:31.714] - eth_getBalance
[2022/03/26 21:43:31.715] - eth_getBalance
[2022/03/26 21:43:31.718] - eth_getBalance
[2022/03/26 21:43:31.719] - eth_getBalance
[2022/03/26 21:43:31.721] - eth_getBalance
[2022/03/26 21:43:31.725] - eth_getBalance
[2022/03/26 21:43:31.726] - eth_getBalance
[2022/03/26 21:43:32.699] - net_version
[2022/03/26 21:43:32.710] - eth_accounts
[2022/03/26 21:43:32.727] - eth_getBalance
[2022/03/26 21:43:32.730] - eth_getBalance
[2022/03/26 21:43:32.731] - eth_getBalance
[2022/03/26 21:43:32.734] - eth_getBalance
[2022/03/26 21:43:32.736] - eth_getBalance
[2022/03/26 21:43:32.738] - eth_getBalance
[2022/03/26 21:43:32.740] - eth_getBalance
[2022/03/26 21:43:32.745] - eth_getBalance
[2022/03/26 21:43:32.746] - eth_getBalance
[2022/03/26 21:43:32.752] - eth_getBalance
[2022/03/26 21:43:33.710] - net_version
[2022/03/26 21:43:33.755] - eth_accounts
[2022/03/26 21:43:33.780] - eth_getBalance
[2022/03/26 21:43:33.783] - eth_getBalance
[2022/03/26 21:43:33.784] - eth_getBalance
[2022/03/26 21:43:33.786] - eth_getBalance
[2022/03/26 21:43:33.789] - eth_getBalance
[2022/03/26 21:43:33.791] - eth_getBalance
[2022/03/26 21:43:33.792] - eth_getBalance
[2022/03/26 21:43:33.793] - eth_getBalance
[2022/03/26 21:43:33.795] - eth_getBalance
[2022/03/26 21:43:33.797] - eth_getBalance
[2022/03/26 21:43:34.724] - net_version
[2022/03/26 21:43:34.974] - eth_blockNumber
[2022/03/26 21:43:35.745] - eth_accounts
[2022/03/26 21:43:35.818] - eth_getBalance
[2022/03/26 21:43:35.822] - eth_getBalance
[2022/03/26 21:43:35.823] - eth_getBalance
[2022/03/26 21:43:35.825] - eth_getBalance
[2022/03/26 21:43:35.830] - eth_getBalance
[2022/03/26 21:43:35.831] - eth_getBalance
[2022/03/26 21:43:35.833] - eth_getBalance
[2022/03/26 21:43:35.834] - eth_getBalance
[2022/03/26 21:43:35.836] - eth_getBalance
[2022/03/26 21:43:35.836] - eth_getBalance
[2022/03/26 21:43:36.749] - net_version
[2022/03/26 21:43:36.757] - eth_accounts
[2022/03/26 21:43:36.771] - eth_getBalance
[2022/03/26 21:43:36.773] - eth_getBalance
[2022/03/26 21:43:36.777] - eth_getBalance
[2022/03/26 21:43:36.778] - eth_getBalance
[2022/03/26 21:43:36.780] - eth_getBalance
[2022/03/26 21:43:36.784] - eth_getBalance
[2022/03/26 21:43:36.785] - eth_getBalance
[2022/03/26 21:43:36.786] - eth_getBalance
[2022/03/26 21:43:36.788] - eth_getBalance
[2022/03/26 21:43:36.788] - eth_getBalance
[2022/03/26 21:43:38.501] - net_version
[2022/03/26 21:43:38.509] - eth_accounts
[2022/03/26 21:43:38.526] - eth_getBalance
[2022/03/26 21:43:38.529] - eth_getBalance
[2022/03/26 21:43:38.530] - eth_getBalance
[2022/03/26 21:43:38.534] - eth_getBalance
[2022/03/26 21:43:38.535] - eth_getBalance
[2022/03/26 21:43:38.536] - eth_getBalance
[2022/03/26 21:43:38.540] - eth_getBalance
[2022/03/26 21:43:38.543] - eth_getBalance
[2022/03/26 21:43:38.544] - eth_getBalance
[2022/03/26 21:43:38.545] - eth_getBalance
[2022/03/26 21:43:39.512] - net_version
[2022/03/26 21:43:40.532] - eth_accounts
[2022/03/26 21:43:40.547] - eth_getBalance
[2022/03/26 21:43:40.551] - eth_getBalance
[2022/03/26 21:43:40.552] - eth_getBalance
[2022/03/26 21:43:40.553] - eth_getBalance
[2022/03/26 21:43:40.568] - eth_getBalance
[2022/03/26 21:43:40.569] - eth_getBalance
[2022/03/26 21:43:40.570] - eth_getBalance
[2022/03/26 21:43:40.571] - eth_getBalance
[2022/03/26 21:43:40.572] - eth_getBalance
[2022/03/26 21:43:40.576] - eth_getBalance
[2022/03/26 21:43:41.540] - net_version
[2022/03/26 21:43:42.561] - eth_accounts
[2022/03/26 21:43:42.579] - eth_getBalance
[2022/03/26 21:43:42.582] - eth_getBalance
[2022/03/26 21:43:42.588] - eth_getBalance
[2022/03/26 21:43:42.589] - eth_getBalance
[2022/03/26 21:43:42.591] - eth_getBalance
[2022/03/26 21:43:42.593] - eth_getBalance
[2022/03/26 21:43:42.595] - eth_getBalance
[2022/03/26 21:43:42.596] - eth_getBalance
[2022/03/26 21:43:42.598] - eth_getBalance
[2022/03/26 21:43:42.600] - eth_getBalance
[2022/03/26 21:43:43.565] - eth_getBlockByNumber
[2022/03/26 21:43:43.566] - net_version
[2022/03/26 21:43:43.578] - net_version
[2022/03/26 21:43:44.434] - eth_getBlockByNumber
[2022/03/26 21:43:44.513] - eth_getBlockByNumber
[2022/03/26 21:43:44.574] - eth_getBlockByNumber
[2022/03/26 21:43:44.587] - eth_accounts
[2022/03/26 21:43:44.602] - eth_getBalance
[2022/03/26 21:43:44.605] - eth_getBalance
[2022/03/26 21:43:44.607] - eth_getBalance
[2022/03/26 21:43:44.611] - eth_getBalance
[2022/03/26 21:43:44.616] - eth_getBalance
[2022/03/26 21:43:44.617] - eth_getBalance
[2022/03/26 21:43:44.618] - eth_getBalance
[2022/03/26 21:43:44.620] - eth_getBalance
[2022/03/26 21:43:44.621] - eth_getBalance
[2022/03/26 21:43:44.623] - eth_getBalance
[2022/03/26 21:43:44.644] - eth_getBlockByNumber
[2022/03/26 21:43:44.858] - eth_getBlockByNumber
[2022/03/26 21:43:44.914] - eth_getBlockByNumber
[2022/03/26 21:43:44.968] - eth_getBlockByNumber
[2022/03/26 21:43:45.026] - eth_getBlockByNumber
[2022/03/26 21:43:45.085] - eth_getBlockByNumber
[2022/03/26 21:43:45.133] - eth_getBlockByNumber
[2022/03/26 21:43:45.182] - eth_getBlockByNumber
[2022/03/26 21:43:45.232] - eth_getLogs
[2022/03/26 21:43:45.434] - net_version
[2022/03/26 21:43:45.451] - eth_getCode
[2022/03/26 21:43:45.589] - net_version
[2022/03/26 21:43:45.592] - net_version
[2022/03/26 21:43:45.594] - eth_getCode
[2022/03/26 21:43:45.603] - eth_accounts
[2022/03/26 21:43:45.618] - eth_getBalance
[2022/03/26 21:43:45.621] - eth_getBalance
[2022/03/26 21:43:45.623] - eth_getBalance
[2022/03/26 21:43:45.625] - eth_getBalance
[2022/03/26 21:43:45.629] - eth_getBalance
[2022/03/26 21:43:45.630] - eth_getBalance
[2022/03/26 21:43:45.635] - eth_getBalance
[2022/03/26 21:43:45.636] - eth_getBalance
[2022/03/26 21:43:45.637] - eth_getBalance
[2022/03/26 21:43:45.638] - eth_getBalance
[2022/03/26 21:43:45.746] - net_version
[2022/03/26 21:43:45.767] - eth_getCode
[2022/03/26 21:43:46.606] - net_version
[2022/03/26 21:43:46.615] - eth_accounts
[2022/03/26 21:43:46.639] - eth_getBalance
[2022/03/26 21:43:46.644] - eth_getBalance
[2022/03/26 21:43:46.645] - eth_getBalance
[2022/03/26 21:43:46.647] - eth_getBalance
[2022/03/26 21:43:46.651] - eth_getBalance
[2022/03/26 21:43:46.654] - eth_getBalance
[2022/03/26 21:43:46.655] - eth_getBalance
[2022/03/26 21:43:46.657] - eth_getBalance
[2022/03/26 21:43:46.658] - eth_getBalance
[2022/03/26 21:43:46.659] - eth_getBalance
[2022/03/26 21:43:48.512] - net_version
[2022/03/26 21:43:49.539] - eth_accounts
[2022/03/26 21:43:49.565] - eth_getBalance
[2022/03/26 21:43:49.567] - eth_getBalance
[2022/03/26 21:43:49.568] - eth_getBalance
[2022/03/26 21:43:49.572] - eth_getBalance
[2022/03/26 21:43:49.575] - eth_getBalance
[2022/03/26 21:43:49.577] - eth_getBalance
[2022/03/26 21:43:49.579] - eth_getBalance
[2022/03/26 21:43:49.580] - eth_getBalance
[2022/03/26 21:43:49.582] - eth_getBalance
[2022/03/26 21:43:49.584] - eth_getBalance
[2022/03/26 21:43:50.548] - net_version
[2022/03/26 21:43:50.558] - eth_accounts
[2022/03/26 21:43:50.576] - eth_getBalance
[2022/03/26 21:43:50.580] - eth_getBalance
[2022/03/26 21:43:50.581] - eth_getBalance
[2022/03/26 21:43:50.583] - eth_getBalance
[2022/03/26 21:43:50.588] - eth_getBalance
[2022/03/26 21:43:50.591] - eth_getBalance
[2022/03/26 21:43:50.593] - eth_getBalance
[2022/03/26 21:43:50.594] - eth_getBalance
[2022/03/26 21:43:50.596] - eth_getBalance
[2022/03/26 21:43:50.597] - eth_getBalance
[2022/03/26 21:43:51.559] - net_version
[2022/03/26 21:43:51.581] - eth_accounts
[2022/03/26 21:43:51.601] - eth_getBalance
[2022/03/26 21:43:51.604] - eth_getBalance
[2022/03/26 21:43:51.605] - eth_getBalance
[2022/03/26 21:43:51.607] - eth_getBalance
[2022/03/26 21:43:51.611] - eth_getBalance
[2022/03/26 21:43:51.612] - eth_getBalance
[2022/03/26 21:43:51.613] - eth_getBalance
[2022/03/26 21:43:51.615] - eth_getBalance
[2022/03/26 21:43:51.618] - eth_getBalance
[2022/03/26 21:43:51.618] - eth_getBalance
[2022/03/26 21:43:52.590] - net_version
[2022/03/26 21:43:52.591] - eth_accounts
[2022/03/26 21:43:52.614] - eth_getBalance
[2022/03/26 21:43:52.618] - eth_getBalance
[2022/03/26 21:43:52.619] - eth_getBalance
[2022/03/26 21:43:52.621] - eth_getBalance
[2022/03/26 21:43:52.624] - eth_getBalance
[2022/03/26 21:43:52.627] - eth_getBalance
[2022/03/26 21:43:52.629] - eth_getBalance
[2022/03/26 21:43:52.630] - eth_getBalance
[2022/03/26 21:43:52.632] - eth_getBalance
[2022/03/26 21:43:52.633] - eth_getBalance
[2022/03/26 21:43:53.580] - net_version
[2022/03/26 21:43:53.593] - eth_accounts
[2022/03/26 21:43:53.623] - eth_getBalance
[2022/03/26 21:43:53.626] - eth_getBalance
[2022/03/26 21:43:53.629] - eth_getBalance
[2022/03/26 21:43:53.630] - eth_getBalance
[2022/03/26 21:43:53.635] - eth_getBalance
[2022/03/26 21:43:53.637] - eth_getBalance
[2022/03/26 21:43:53.639] - eth_getBalance
[2022/03/26 21:43:53.642] - eth_getBalance
[2022/03/26 21:43:53.644] - eth_getBalance
[2022/03/26 21:43:53.646] - eth_getBalance
[2022/03/26 21:43:55.004] - eth_blockNumber
[2022/03/26 21:43:55.022] - net_version
[2022/03/26 21:43:55.030] - eth_accounts
[2022/03/26 21:43:55.053] - eth_getBalance
[2022/03/26 21:43:55.056] - eth_getBalance
[2022/03/26 21:43:55.058] - eth_getBalance
[2022/03/26 21:43:55.060] - eth_getBalance
[2022/03/26 21:43:55.068] - eth_getBalance
[2022/03/26 21:43:55.069] - eth_getBalance
[2022/03/26 21:43:55.070] - eth_getBalance
[2022/03/26 21:43:55.071] - eth_getBalance
[2022/03/26 21:43:55.072] - eth_getBalance
[2022/03/26 21:43:55.075] - eth_getBalance
[2022/03/26 21:43:56.031] - net_version
[2022/03/26 21:43:57.051] - eth_accounts
[2022/03/26 21:43:57.067] - eth_getBalance
[2022/03/26 21:43:57.072] - eth_getBalance
[2022/03/26 21:43:57.074] - eth_getBalance
[2022/03/26 21:43:57.075] - eth_getBalance
[2022/03/26 21:43:57.077] - eth_getBalance
[2022/03/26 21:43:57.081] - eth_getBalance
[2022/03/26 21:43:57.082] - eth_getBalance
[2022/03/26 21:43:57.083] - eth_getBalance
[2022/03/26 21:43:57.086] - eth_getBalance
[2022/03/26 21:43:57.087] - eth_getBalance
[2022/03/26 21:43:58.057] - net_version
[2022/03/26 21:43:58.065] - eth_accounts
[2022/03/26 21:43:58.082] - eth_getBalance
[2022/03/26 21:43:58.088] - eth_getBalance
[2022/03/26 21:43:58.091] - eth_getBalance
[2022/03/26 21:43:58.092] - eth_getBalance
[2022/03/26 21:43:58.099] - eth_getBalance
[2022/03/26 21:43:58.101] - eth_getBalance
[2022/03/26 21:43:58.102] - eth_getBalance
[2022/03/26 21:43:58.106] - eth_getBalance
[2022/03/26 21:43:58.107] - eth_getBalance
[2022/03/26 21:43:58.108] - eth_getBalance
[2022/03/26 21:43:59.072] - eth_getBlockByNumber
[2022/03/26 21:43:59.073] - net_version
[2022/03/26 21:43:59.080] - eth_accounts
[2022/03/26 21:43:59.085] - net_version
[2022/03/26 21:43:59.096] - eth_getBalance
[2022/03/26 21:43:59.098] - eth_getBalance
[2022/03/26 21:43:59.102] - eth_getBalance
[2022/03/26 21:43:59.103] - eth_getBalance
[2022/03/26 21:43:59.107] - eth_getBalance
[2022/03/26 21:43:59.108] - eth_getBalance
[2022/03/26 21:43:59.109] - eth_getBalance
[2022/03/26 21:43:59.111] - eth_getBalance
[2022/03/26 21:43:59.114] - eth_getBalance
[2022/03/26 21:43:59.115] - eth_getBalance
[2022/03/26 21:44:00.085] - net_version
[2022/03/26 21:44:01.103] - eth_accounts
[2022/03/26 21:44:01.119] - eth_getBalance
[2022/03/26 21:44:01.122] - eth_getBalance
[2022/03/26 21:44:01.127] - eth_getBalance
[2022/03/26 21:44:01.128] - eth_getBalance
[2022/03/26 21:44:01.129] - eth_getBalance
[2022/03/26 21:44:01.131] - eth_getBalance
[2022/03/26 21:44:01.133] - eth_getBalance
[2022/03/26 21:44:01.134] - eth_getBalance
[2022/03/26 21:44:01.135] - eth_getBalance
[2022/03/26 21:44:01.137] - eth_getBalance
[2022/03/26 21:44:02.108] - net_version
[2022/03/26 21:44:03.123] - eth_accounts
[2022/03/26 21:44:03.139] - eth_getBalance
[2022/03/26 21:44:03.145] - eth_getBalance
[2022/03/26 21:44:03.146] - eth_getBalance
[2022/03/26 21:44:03.147] - eth_getBalance
[2022/03/26 21:44:03.149] - eth_getBalance
[2022/03/26 21:44:03.150] - eth_getBalance
[2022/03/26 21:44:03.154] - eth_getBalance
[2022/03/26 21:44:03.155] - eth_getBalance
[2022/03/26 21:44:03.156] - eth_getBalance
[2022/03/26 21:44:03.158] - eth_getBalance
[2022/03/26 21:44:04.134] - net_version
[2022/03/26 21:44:05.155] - eth_accounts
[2022/03/26 21:44:05.170] - eth_getBalance
[2022/03/26 21:44:05.174] - eth_getBalance
[2022/03/26 21:44:05.175] - eth_getBalance
[2022/03/26 21:44:05.177] - eth_getBalance
[2022/03/26 21:44:05.178] - eth_getBalance
[2022/03/26 21:44:05.179] - eth_getBalance
[2022/03/26 21:44:05.182] - eth_getBalance
[2022/03/26 21:44:05.186] - eth_getBalance
[2022/03/26 21:44:05.187] - eth_getBalance
[2022/03/26 21:44:05.189] - eth_getBalance
[2022/03/26 21:44:06.157] - net_version
[2022/03/26 21:44:06.165] - eth_accounts
[2022/03/26 21:44:06.181] - eth_getBalance
[2022/03/26 21:44:06.185] - eth_getBalance
[2022/03/26 21:44:06.186] - eth_getBalance
[2022/03/26 21:44:06.188] - eth_getBalance
[2022/03/26 21:44:06.192] - eth_getBalance
[2022/03/26 21:44:06.193] - eth_getBalance
[2022/03/26 21:44:06.194] - eth_getBalance
[2022/03/26 21:44:06.196] - eth_getBalance
[2022/03/26 21:44:06.198] - eth_getBalance
[2022/03/26 21:44:06.199] - eth_getBalance
[2022/03/26 21:44:06.379] - eth_unsubscribe
[2022/03/26 21:44:06.379] - eth_unsubscribe
